{"/Users/gmanzoli/repos/pragmaSrc/Premi/app/controllers/errors/PremiError.js":{"path":"/Users/gmanzoli/repos/pragmaSrc/Premi/app/controllers/errors/PremiError.js","s":{"1":1,"2":1,"3":23,"4":23,"5":22,"6":22,"7":1,"8":1,"9":1,"10":21,"11":21,"12":21,"13":1,"14":1,"15":1,"16":1,"17":1,"18":1,"19":1,"20":2,"21":2,"22":1,"23":1,"24":1,"25":1,"26":1,"27":1,"28":1},"b":{"1":[22,1],"2":[1,21],"3":[1,0]},"f":{"1":23,"2":2,"3":1},"fnMap":{"1":{"name":"(anonymous_1)","line":70,"loc":{"start":{"line":70,"column":4},"end":{"line":71,"column":4}}},"2":{"name":"(anonymous_2)","line":109,"loc":{"start":{"line":109,"column":4},"end":{"line":110,"column":4}}},"3":{"name":"(anonymous_3)","line":128,"loc":{"start":{"line":128,"column":4},"end":{"line":129,"column":4}}}},"statementMap":{"1":{"start":{"line":27,"column":0},"end":{"line":60,"column":6}},"2":{"start":{"line":69,"column":0},"end":{"line":99,"column":6}},"3":{"start":{"line":72,"column":8},"end":{"line":72,"column":16}},"4":{"start":{"line":73,"column":8},"end":{"line":98,"column":9}},"5":{"start":{"line":75,"column":12},"end":{"line":75,"column":30}},"6":{"start":{"line":77,"column":12},"end":{"line":88,"column":13}},"7":{"start":{"line":79,"column":16},"end":{"line":79,"column":83}},"8":{"start":{"line":80,"column":16},"end":{"line":80,"column":50}},"9":{"start":{"line":81,"column":16},"end":{"line":81,"column":60}},"10":{"start":{"line":85,"column":16},"end":{"line":85,"column":40}},"11":{"start":{"line":86,"column":16},"end":{"line":86,"column":36}},"12":{"start":{"line":87,"column":16},"end":{"line":87,"column":38}},"13":{"start":{"line":92,"column":12},"end":{"line":92,"column":77}},"14":{"start":{"line":93,"column":12},"end":{"line":94,"column":37}},"15":{"start":{"line":94,"column":16},"end":{"line":94,"column":37}},"16":{"start":{"line":95,"column":12},"end":{"line":95,"column":26}},"17":{"start":{"line":96,"column":12},"end":{"line":96,"column":46}},"18":{"start":{"line":97,"column":12},"end":{"line":97,"column":33}},"19":{"start":{"line":108,"column":0},"end":{"line":118,"column":6}},"20":{"start":{"line":111,"column":8},"end":{"line":116,"column":14}},"21":{"start":{"line":117,"column":8},"end":{"line":117,"column":20}},"22":{"start":{"line":127,"column":0},"end":{"line":135,"column":6}},"23":{"start":{"line":130,"column":8},"end":{"line":130,"column":32}},"24":{"start":{"line":131,"column":8},"end":{"line":131,"column":33}},"25":{"start":{"line":132,"column":8},"end":{"line":132,"column":38}},"26":{"start":{"line":133,"column":8},"end":{"line":133,"column":41}},"27":{"start":{"line":134,"column":8},"end":{"line":134,"column":19}},"28":{"start":{"line":137,"column":0},"end":{"line":137,"column":28}}},"branchMap":{"1":{"line":73,"type":"if","locations":[{"start":{"line":73,"column":8},"end":{"line":73,"column":8}},{"start":{"line":73,"column":8},"end":{"line":73,"column":8}}]},"2":{"line":77,"type":"if","locations":[{"start":{"line":77,"column":12},"end":{"line":77,"column":12}},{"start":{"line":77,"column":12},"end":{"line":77,"column":12}}]},"3":{"line":93,"type":"if","locations":[{"start":{"line":93,"column":12},"end":{"line":93,"column":12}},{"start":{"line":93,"column":12},"end":{"line":93,"column":12}}]}}},"/Users/gmanzoli/repos/pragmaSrc/Premi/app/models/ProjectModel.js":{"path":"/Users/gmanzoli/repos/pragmaSrc/Premi/app/models/ProjectModel.js","s":{"1":1,"2":1,"3":1,"4":8,"5":8,"6":8,"7":8,"8":8,"9":8,"10":8,"11":8,"12":8,"13":8,"14":8,"15":8,"16":0,"17":8,"18":1,"19":2,"20":2,"21":2,"22":0,"23":2,"24":1,"25":2,"26":2,"27":2,"28":0,"29":2,"30":1,"31":2,"32":2,"33":2,"34":0,"35":2,"36":1,"37":2,"38":2,"39":2,"40":0,"41":2,"42":1,"43":13,"44":13,"45":13,"46":0,"47":13,"48":1,"49":8,"50":8,"51":8,"52":8,"53":8,"54":8,"55":0,"56":8,"57":8,"58":10,"59":8,"60":8,"61":8,"62":8,"63":8,"64":0,"65":8,"66":0,"67":0,"68":0,"69":0,"70":0,"71":0,"72":1,"73":5,"74":5,"75":5,"76":5,"77":1,"78":5,"79":5,"80":5,"81":15,"82":15,"83":15,"84":15,"85":15,"86":11,"87":3,"88":8,"89":5,"90":5,"91":4,"92":1,"93":1,"94":5,"95":5,"96":3,"97":5,"98":1,"99":2,"100":0,"101":2,"102":2,"103":2,"104":2,"105":0,"106":2,"107":1,"108":2,"109":2,"110":2,"111":2,"112":0,"113":2,"114":1,"115":3,"116":3,"117":3,"118":3,"119":3,"120":3,"121":0,"122":3,"123":0,"124":1,"125":2,"126":2,"127":2,"128":0,"129":2,"130":1,"131":8,"132":8,"133":8,"134":8,"135":8,"136":1,"137":7,"138":1,"139":2,"140":2,"141":2,"142":1,"143":1,"144":1,"145":2,"146":2,"147":2,"148":2,"149":2,"150":1,"151":1,"152":1,"153":7,"154":7,"155":7,"156":5,"157":5,"158":0,"159":7,"160":1,"161":3,"162":3,"163":3,"164":3,"165":3,"166":3,"167":3,"168":0,"169":3,"170":1,"171":2,"172":2,"173":2,"174":2,"175":2,"176":2,"177":0,"178":2,"179":2,"180":0,"181":1,"182":1,"183":1,"184":7,"185":1,"186":1},"b":{"1":[0,8],"2":[0,2],"3":[0,2],"4":[0,2],"5":[0,2],"6":[0,13],"7":[8,0],"8":[0,8],"9":[8,2],"10":[0,8],"11":[0,0],"12":[5,0],"13":[11,4],"14":[3,8],"15":[5,3],"16":[1,3],"17":[4,4,3],"18":[0,2],"19":[0,2],"20":[0,2],"21":[0,3],"22":[0,2],"23":[1,7],"24":[1,1],"25":[1,1],"26":[0,3],"27":[0,2]},"f":{"1":8,"2":8,"3":8,"4":8,"5":2,"6":2,"7":2,"8":2,"9":2,"10":2,"11":2,"12":2,"13":13,"14":8,"15":8,"16":8,"17":10,"18":8,"19":8,"20":0,"21":0,"22":5,"23":5,"24":5,"25":3,"26":2,"27":2,"28":2,"29":2,"30":2,"31":3,"32":3,"33":3,"34":0,"35":2,"36":2,"37":8,"38":8,"39":8,"40":2,"41":2,"42":2,"43":2,"44":7,"45":5,"46":5,"47":0,"48":3,"49":3,"50":3,"51":2,"52":2,"53":2,"54":2,"55":0,"56":1,"57":7},"fnMap":{"1":{"name":"(anonymous_1)","line":61,"loc":{"start":{"line":61,"column":4},"end":{"line":62,"column":4}}},"2":{"name":"(anonymous_2)","line":72,"loc":{"start":{"line":72,"column":20},"end":{"line":73,"column":20}}},"3":{"name":"(anonymous_3)","line":78,"loc":{"start":{"line":78,"column":28},"end":{"line":79,"column":28}}},"4":{"name":"(anonymous_4)","line":85,"loc":{"start":{"line":85,"column":36},"end":{"line":86,"column":36}}},"5":{"name":"(anonymous_5)","line":111,"loc":{"start":{"line":111,"column":4},"end":{"line":112,"column":4}}},"6":{"name":"(anonymous_6)","line":117,"loc":{"start":{"line":117,"column":12},"end":{"line":118,"column":12}}},"7":{"name":"(anonymous_7)","line":137,"loc":{"start":{"line":137,"column":4},"end":{"line":138,"column":4}}},"8":{"name":"(anonymous_8)","line":142,"loc":{"start":{"line":142,"column":12},"end":{"line":143,"column":12}}},"9":{"name":"(anonymous_9)","line":162,"loc":{"start":{"line":162,"column":4},"end":{"line":163,"column":4}}},"10":{"name":"(anonymous_10)","line":167,"loc":{"start":{"line":167,"column":12},"end":{"line":168,"column":12}}},"11":{"name":"(anonymous_11)","line":187,"loc":{"start":{"line":187,"column":4},"end":{"line":188,"column":4}}},"12":{"name":"(anonymous_12)","line":192,"loc":{"start":{"line":192,"column":12},"end":{"line":193,"column":12}}},"13":{"name":"(anonymous_13)","line":213,"loc":{"start":{"line":213,"column":4},"end":{"line":214,"column":4}}},"14":{"name":"(anonymous_14)","line":237,"loc":{"start":{"line":237,"column":4},"end":{"line":238,"column":4}}},"15":{"name":"(anonymous_15)","line":243,"loc":{"start":{"line":243,"column":20},"end":{"line":244,"column":20}}},"16":{"name":"(anonymous_16)","line":250,"loc":{"start":{"line":250,"column":32},"end":{"line":251,"column":32}}},"17":{"name":"(anonymous_17)","line":259,"loc":{"start":{"line":259,"column":44},"end":{"line":260,"column":44}}},"18":{"name":"(anonymous_18)","line":269,"loc":{"start":{"line":269,"column":44},"end":{"line":270,"column":44}}},"19":{"name":"(anonymous_19)","line":273,"loc":{"start":{"line":273,"column":52},"end":{"line":274,"column":52}}},"20":{"name":"(anonymous_20)","line":283,"loc":{"start":{"line":283,"column":32},"end":{"line":284,"column":32}}},"21":{"name":"(anonymous_21)","line":294,"loc":{"start":{"line":294,"column":32},"end":{"line":295,"column":32}}},"22":{"name":"deleteFromPaths","line":309,"loc":{"start":{"line":309,"column":0},"end":{"line":310,"column":0}}},"23":{"name":"(anonymous_23)","line":312,"loc":{"start":{"line":312,"column":8},"end":{"line":313,"column":8}}},"24":{"name":"recursiveDelete","line":327,"loc":{"start":{"line":327,"column":0},"end":{"line":328,"column":0}}},"25":{"name":"(anonymous_25)","line":361,"loc":{"start":{"line":361,"column":21},"end":{"line":362,"column":4}}},"26":{"name":"(anonymous_26)","line":385,"loc":{"start":{"line":385,"column":4},"end":{"line":386,"column":4}}},"27":{"name":"(anonymous_27)","line":394,"loc":{"start":{"line":394,"column":16},"end":{"line":395,"column":16}}},"28":{"name":"(anonymous_28)","line":417,"loc":{"start":{"line":417,"column":4},"end":{"line":418,"column":4}}},"29":{"name":"(anonymous_29)","line":423,"loc":{"start":{"line":423,"column":12},"end":{"line":424,"column":12}}},"30":{"name":"(anonymous_30)","line":427,"loc":{"start":{"line":427,"column":20},"end":{"line":428,"column":20}}},"31":{"name":"(anonymous_31)","line":449,"loc":{"start":{"line":449,"column":39},"end":{"line":449,"column":92}}},"32":{"name":"(anonymous_32)","line":453,"loc":{"start":{"line":453,"column":12},"end":{"line":454,"column":12}}},"33":{"name":"(anonymous_33)","line":457,"loc":{"start":{"line":457,"column":31},"end":{"line":458,"column":16}}},"34":{"name":"(anonymous_34)","line":463,"loc":{"start":{"line":463,"column":12},"end":{"line":464,"column":12}}},"35":{"name":"(anonymous_35)","line":483,"loc":{"start":{"line":483,"column":4},"end":{"line":484,"column":4}}},"36":{"name":"(anonymous_36)","line":487,"loc":{"start":{"line":487,"column":12},"end":{"line":488,"column":12}}},"37":{"name":"(anonymous_37)","line":509,"loc":{"start":{"line":509,"column":4},"end":{"line":510,"column":4}}},"38":{"name":"(anonymous_38)","line":515,"loc":{"start":{"line":515,"column":12},"end":{"line":516,"column":12}}},"39":{"name":"(anonymous_39)","line":519,"loc":{"start":{"line":519,"column":20},"end":{"line":520,"column":20}}},"40":{"name":"(anonymous_40)","line":542,"loc":{"start":{"line":542,"column":4},"end":{"line":543,"column":4}}},"41":{"name":"(anonymous_41)","line":546,"loc":{"start":{"line":546,"column":12},"end":{"line":547,"column":12}}},"42":{"name":"(anonymous_42)","line":568,"loc":{"start":{"line":568,"column":4},"end":{"line":569,"column":4}}},"43":{"name":"(anonymous_43)","line":574,"loc":{"start":{"line":574,"column":12},"end":{"line":575,"column":12}}},"44":{"name":"(anonymous_44)","line":595,"loc":{"start":{"line":595,"column":4},"end":{"line":596,"column":8}}},"45":{"name":"(anonymous_45)","line":604,"loc":{"start":{"line":604,"column":16},"end":{"line":605,"column":16}}},"46":{"name":"(anonymous_46)","line":608,"loc":{"start":{"line":608,"column":24},"end":{"line":609,"column":24}}},"47":{"name":"(anonymous_47)","line":612,"loc":{"start":{"line":612,"column":24},"end":{"line":613,"column":24}}},"48":{"name":"(anonymous_48)","line":636,"loc":{"start":{"line":636,"column":4},"end":{"line":637,"column":4}}},"49":{"name":"(anonymous_49)","line":643,"loc":{"start":{"line":643,"column":12},"end":{"line":644,"column":12}}},"50":{"name":"(anonymous_50)","line":649,"loc":{"start":{"line":649,"column":12},"end":{"line":650,"column":12}}},"51":{"name":"(anonymous_51)","line":671,"loc":{"start":{"line":671,"column":4},"end":{"line":672,"column":4}}},"52":{"name":"(anonymous_52)","line":679,"loc":{"start":{"line":679,"column":8},"end":{"line":680,"column":8}}},"53":{"name":"(anonymous_53)","line":683,"loc":{"start":{"line":683,"column":16},"end":{"line":684,"column":16}}},"54":{"name":"(anonymous_54)","line":690,"loc":{"start":{"line":690,"column":28},"end":{"line":691,"column":28}}},"55":{"name":"(anonymous_55)","line":699,"loc":{"start":{"line":699,"column":8},"end":{"line":700,"column":8}}},"56":{"name":"(anonymous_56)","line":718,"loc":{"start":{"line":718,"column":4},"end":{"line":719,"column":8}}},"57":{"name":"(anonymous_57)","line":725,"loc":{"start":{"line":725,"column":16},"end":{"line":726,"column":16}}}},"statementMap":{"1":{"start":{"line":17,"column":0},"end":{"line":26,"column":61}},"2":{"start":{"line":33,"column":0},"end":{"line":46,"column":2}},"3":{"start":{"line":60,"column":0},"end":{"line":97,"column":6}},"4":{"start":{"line":63,"column":8},"end":{"line":63,"column":20}},"5":{"start":{"line":65,"column":8},"end":{"line":65,"column":29}},"6":{"start":{"line":67,"column":8},"end":{"line":67,"column":28}},"7":{"start":{"line":69,"column":8},"end":{"line":69,"column":32}},"8":{"start":{"line":71,"column":8},"end":{"line":96,"column":10}},"9":{"start":{"line":74,"column":24},"end":{"line":74,"column":49}},"10":{"start":{"line":75,"column":24},"end":{"line":75,"column":47}},"11":{"start":{"line":77,"column":24},"end":{"line":94,"column":26}},"12":{"start":{"line":80,"column":32},"end":{"line":80,"column":54}},"13":{"start":{"line":81,"column":32},"end":{"line":81,"column":57}},"14":{"start":{"line":84,"column":32},"end":{"line":92,"column":34}},"15":{"start":{"line":87,"column":40},"end":{"line":90,"column":62}},"16":{"start":{"line":88,"column":44},"end":{"line":88,"column":57}},"17":{"start":{"line":90,"column":44},"end":{"line":90,"column":62}},"18":{"start":{"line":110,"column":0},"end":{"line":123,"column":6}},"19":{"start":{"line":114,"column":8},"end":{"line":114,"column":25}},"20":{"start":{"line":116,"column":8},"end":{"line":122,"column":10}},"21":{"start":{"line":119,"column":16},"end":{"line":120,"column":32}},"22":{"start":{"line":119,"column":25},"end":{"line":119,"column":38}},"23":{"start":{"line":120,"column":21},"end":{"line":120,"column":32}},"24":{"start":{"line":136,"column":0},"end":{"line":148,"column":6}},"25":{"start":{"line":139,"column":8},"end":{"line":139,"column":30}},"26":{"start":{"line":141,"column":8},"end":{"line":147,"column":10}},"27":{"start":{"line":144,"column":16},"end":{"line":145,"column":32}},"28":{"start":{"line":144,"column":25},"end":{"line":144,"column":38}},"29":{"start":{"line":145,"column":21},"end":{"line":145,"column":32}},"30":{"start":{"line":161,"column":0},"end":{"line":173,"column":6}},"31":{"start":{"line":164,"column":8},"end":{"line":164,"column":31}},"32":{"start":{"line":166,"column":8},"end":{"line":172,"column":10}},"33":{"start":{"line":169,"column":16},"end":{"line":170,"column":32}},"34":{"start":{"line":169,"column":25},"end":{"line":169,"column":38}},"35":{"start":{"line":170,"column":21},"end":{"line":170,"column":32}},"36":{"start":{"line":186,"column":0},"end":{"line":198,"column":6}},"37":{"start":{"line":189,"column":8},"end":{"line":189,"column":33}},"38":{"start":{"line":191,"column":8},"end":{"line":197,"column":10}},"39":{"start":{"line":194,"column":16},"end":{"line":195,"column":32}},"40":{"start":{"line":194,"column":25},"end":{"line":194,"column":38}},"41":{"start":{"line":195,"column":21},"end":{"line":195,"column":32}},"42":{"start":{"line":212,"column":0},"end":{"line":221,"column":6}},"43":{"start":{"line":215,"column":8},"end":{"line":215,"column":17}},"44":{"start":{"line":216,"column":8},"end":{"line":216,"column":37}},"45":{"start":{"line":217,"column":8},"end":{"line":220,"column":27}},"46":{"start":{"line":218,"column":12},"end":{"line":218,"column":43}},"47":{"start":{"line":220,"column":12},"end":{"line":220,"column":27}},"48":{"start":{"line":236,"column":0},"end":{"line":303,"column":6}},"49":{"start":{"line":240,"column":8},"end":{"line":240,"column":22}},"50":{"start":{"line":241,"column":8},"end":{"line":241,"column":24}},"51":{"start":{"line":242,"column":8},"end":{"line":302,"column":10}},"52":{"start":{"line":246,"column":24},"end":{"line":300,"column":25}},"53":{"start":{"line":249,"column":28},"end":{"line":287,"column":30}},"54":{"start":{"line":253,"column":36},"end":{"line":281,"column":37}},"55":{"start":{"line":254,"column":40},"end":{"line":254,"column":71}},"56":{"start":{"line":257,"column":40},"end":{"line":257,"column":67}},"57":{"start":{"line":258,"column":40},"end":{"line":264,"column":42}},"58":{"start":{"line":261,"column":48},"end":{"line":262,"column":74}},"59":{"start":{"line":262,"column":52},"end":{"line":262,"column":74}},"60":{"start":{"line":265,"column":40},"end":{"line":280,"column":42}},"61":{"start":{"line":271,"column":48},"end":{"line":271,"column":78}},"62":{"start":{"line":272,"column":48},"end":{"line":278,"column":50}},"63":{"start":{"line":275,"column":56},"end":{"line":276,"column":76}},"64":{"start":{"line":275,"column":65},"end":{"line":275,"column":78}},"65":{"start":{"line":276,"column":61},"end":{"line":276,"column":76}},"66":{"start":{"line":285,"column":36},"end":{"line":285,"column":49}},"67":{"start":{"line":292,"column":28},"end":{"line":292,"column":55}},"68":{"start":{"line":293,"column":28},"end":{"line":299,"column":30}},"69":{"start":{"line":296,"column":36},"end":{"line":297,"column":56}},"70":{"start":{"line":296,"column":45},"end":{"line":296,"column":58}},"71":{"start":{"line":297,"column":41},"end":{"line":297,"column":56}},"72":{"start":{"line":309,"column":0},"end":{"line":321,"column":1}},"73":{"start":{"line":311,"column":4},"end":{"line":320,"column":6}},"74":{"start":{"line":314,"column":12},"end":{"line":314,"column":54}},"75":{"start":{"line":315,"column":12},"end":{"line":318,"column":13}},"76":{"start":{"line":317,"column":16},"end":{"line":317,"column":47}},"77":{"start":{"line":327,"column":0},"end":{"line":367,"column":1}},"78":{"start":{"line":329,"column":4},"end":{"line":329,"column":36}},"79":{"start":{"line":331,"column":4},"end":{"line":331,"column":22}},"80":{"start":{"line":333,"column":4},"end":{"line":358,"column":5}},"81":{"start":{"line":335,"column":8},"end":{"line":335,"column":36}},"82":{"start":{"line":336,"column":8},"end":{"line":336,"column":33}},"83":{"start":{"line":337,"column":8},"end":{"line":337,"column":43}},"84":{"start":{"line":338,"column":8},"end":{"line":338,"column":46}},"85":{"start":{"line":340,"column":8},"end":{"line":357,"column":9}},"86":{"start":{"line":343,"column":12},"end":{"line":350,"column":13}},"87":{"start":{"line":344,"column":16},"end":{"line":344,"column":39}},"88":{"start":{"line":346,"column":17},"end":{"line":350,"column":13}},"89":{"start":{"line":348,"column":16},"end":{"line":348,"column":48}},"90":{"start":{"line":349,"column":16},"end":{"line":349,"column":20}},"91":{"start":{"line":351,"column":14},"end":{"line":357,"column":9}},"92":{"start":{"line":355,"column":12},"end":{"line":355,"column":44}},"93":{"start":{"line":356,"column":12},"end":{"line":356,"column":16}},"94":{"start":{"line":360,"column":4},"end":{"line":360,"column":34}},"95":{"start":{"line":361,"column":4},"end":{"line":364,"column":7}},"96":{"start":{"line":363,"column":8},"end":{"line":363,"column":51}},"97":{"start":{"line":366,"column":4},"end":{"line":366,"column":28}},"98":{"start":{"line":384,"column":0},"end":{"line":401,"column":6}},"99":{"start":{"line":387,"column":8},"end":{"line":400,"column":9}},"100":{"start":{"line":388,"column":12},"end":{"line":388,"column":43}},"101":{"start":{"line":391,"column":12},"end":{"line":391,"column":42}},"102":{"start":{"line":392,"column":12},"end":{"line":392,"column":33}},"103":{"start":{"line":393,"column":12},"end":{"line":399,"column":14}},"104":{"start":{"line":396,"column":20},"end":{"line":397,"column":45}},"105":{"start":{"line":396,"column":29},"end":{"line":396,"column":42}},"106":{"start":{"line":397,"column":25},"end":{"line":397,"column":45}},"107":{"start":{"line":416,"column":0},"end":{"line":435,"column":6}},"108":{"start":{"line":420,"column":8},"end":{"line":420,"column":28}},"109":{"start":{"line":421,"column":8},"end":{"line":434,"column":10}},"110":{"start":{"line":426,"column":16},"end":{"line":432,"column":18}},"111":{"start":{"line":429,"column":24},"end":{"line":430,"column":40}},"112":{"start":{"line":429,"column":33},"end":{"line":429,"column":46}},"113":{"start":{"line":430,"column":29},"end":{"line":430,"column":40}},"114":{"start":{"line":449,"column":0},"end":{"line":468,"column":2}},"115":{"start":{"line":450,"column":4},"end":{"line":450,"column":18}},"116":{"start":{"line":451,"column":4},"end":{"line":451,"column":20}},"117":{"start":{"line":452,"column":8},"end":{"line":467,"column":10}},"118":{"start":{"line":455,"column":16},"end":{"line":455,"column":51}},"119":{"start":{"line":457,"column":16},"end":{"line":461,"column":19}},"120":{"start":{"line":459,"column":20},"end":{"line":460,"column":48}},"121":{"start":{"line":459,"column":29},"end":{"line":459,"column":42}},"122":{"start":{"line":460,"column":25},"end":{"line":460,"column":48}},"123":{"start":{"line":465,"column":16},"end":{"line":465,"column":29}},"124":{"start":{"line":482,"column":0},"end":{"line":493,"column":6}},"125":{"start":{"line":485,"column":8},"end":{"line":485,"column":50}},"126":{"start":{"line":486,"column":8},"end":{"line":492,"column":10}},"127":{"start":{"line":489,"column":16},"end":{"line":490,"column":32}},"128":{"start":{"line":489,"column":25},"end":{"line":489,"column":38}},"129":{"start":{"line":490,"column":21},"end":{"line":490,"column":32}},"130":{"start":{"line":508,"column":0},"end":{"line":527,"column":6}},"131":{"start":{"line":511,"column":8},"end":{"line":511,"column":28}},"132":{"start":{"line":512,"column":8},"end":{"line":526,"column":10}},"133":{"start":{"line":517,"column":16},"end":{"line":517,"column":43}},"134":{"start":{"line":518,"column":16},"end":{"line":524,"column":18}},"135":{"start":{"line":521,"column":24},"end":{"line":522,"column":44}},"136":{"start":{"line":521,"column":33},"end":{"line":521,"column":46}},"137":{"start":{"line":522,"column":29},"end":{"line":522,"column":44}},"138":{"start":{"line":541,"column":0},"end":{"line":552,"column":6}},"139":{"start":{"line":544,"column":8},"end":{"line":544,"column":32}},"140":{"start":{"line":545,"column":8},"end":{"line":551,"column":10}},"141":{"start":{"line":548,"column":16},"end":{"line":549,"column":32}},"142":{"start":{"line":548,"column":25},"end":{"line":548,"column":38}},"143":{"start":{"line":549,"column":21},"end":{"line":549,"column":32}},"144":{"start":{"line":567,"column":0},"end":{"line":580,"column":6}},"145":{"start":{"line":570,"column":8},"end":{"line":570,"column":17}},"146":{"start":{"line":571,"column":8},"end":{"line":571,"column":37}},"147":{"start":{"line":572,"column":8},"end":{"line":572,"column":27}},"148":{"start":{"line":573,"column":8},"end":{"line":579,"column":10}},"149":{"start":{"line":576,"column":16},"end":{"line":577,"column":36}},"150":{"start":{"line":576,"column":25},"end":{"line":576,"column":38}},"151":{"start":{"line":577,"column":21},"end":{"line":577,"column":36}},"152":{"start":{"line":594,"column":0},"end":{"line":620,"column":6}},"153":{"start":{"line":597,"column":12},"end":{"line":601,"column":14}},"154":{"start":{"line":602,"column":12},"end":{"line":602,"column":33}},"155":{"start":{"line":603,"column":12},"end":{"line":618,"column":14}},"156":{"start":{"line":606,"column":20},"end":{"line":616,"column":22}},"157":{"start":{"line":610,"column":28},"end":{"line":610,"column":54}},"158":{"start":{"line":614,"column":28},"end":{"line":614,"column":41}},"159":{"start":{"line":619,"column":12},"end":{"line":619,"column":31}},"160":{"start":{"line":635,"column":0},"end":{"line":655,"column":6}},"161":{"start":{"line":638,"column":8},"end":{"line":638,"column":28}},"162":{"start":{"line":639,"column":8},"end":{"line":639,"column":38}},"163":{"start":{"line":640,"column":8},"end":{"line":640,"column":29}},"164":{"start":{"line":641,"column":8},"end":{"line":647,"column":10}},"165":{"start":{"line":645,"column":16},"end":{"line":645,"column":33}},"166":{"start":{"line":648,"column":8},"end":{"line":654,"column":10}},"167":{"start":{"line":651,"column":16},"end":{"line":652,"column":41}},"168":{"start":{"line":651,"column":25},"end":{"line":651,"column":38}},"169":{"start":{"line":652,"column":21},"end":{"line":652,"column":41}},"170":{"start":{"line":670,"column":0},"end":{"line":705,"column":2}},"171":{"start":{"line":673,"column":4},"end":{"line":673,"column":24}},"172":{"start":{"line":674,"column":4},"end":{"line":674,"column":21}},"173":{"start":{"line":675,"column":4},"end":{"line":675,"column":34}},"174":{"start":{"line":677,"column":4},"end":{"line":703,"column":6}},"175":{"start":{"line":682,"column":12},"end":{"line":697,"column":14}},"176":{"start":{"line":685,"column":20},"end":{"line":695,"column":21}},"177":{"start":{"line":685,"column":29},"end":{"line":685,"column":42}},"178":{"start":{"line":688,"column":24},"end":{"line":694,"column":26}},"179":{"start":{"line":692,"column":32},"end":{"line":692,"column":47}},"180":{"start":{"line":701,"column":12},"end":{"line":701,"column":32}},"181":{"start":{"line":717,"column":0},"end":{"line":737,"column":6}},"182":{"start":{"line":720,"column":12},"end":{"line":723,"column":14}},"183":{"start":{"line":724,"column":12},"end":{"line":735,"column":14}},"184":{"start":{"line":727,"column":20},"end":{"line":733,"column":22}},"185":{"start":{"line":736,"column":8},"end":{"line":736,"column":27}},"186":{"start":{"line":740,"column":0},"end":{"line":740,"column":41}}},"branchMap":{"1":{"line":87,"type":"if","locations":[{"start":{"line":87,"column":40},"end":{"line":87,"column":40}},{"start":{"line":87,"column":40},"end":{"line":87,"column":40}}]},"2":{"line":119,"type":"if","locations":[{"start":{"line":119,"column":16},"end":{"line":119,"column":16}},{"start":{"line":119,"column":16},"end":{"line":119,"column":16}}]},"3":{"line":144,"type":"if","locations":[{"start":{"line":144,"column":16},"end":{"line":144,"column":16}},{"start":{"line":144,"column":16},"end":{"line":144,"column":16}}]},"4":{"line":169,"type":"if","locations":[{"start":{"line":169,"column":16},"end":{"line":169,"column":16}},{"start":{"line":169,"column":16},"end":{"line":169,"column":16}}]},"5":{"line":194,"type":"if","locations":[{"start":{"line":194,"column":16},"end":{"line":194,"column":16}},{"start":{"line":194,"column":16},"end":{"line":194,"column":16}}]},"6":{"line":217,"type":"if","locations":[{"start":{"line":217,"column":8},"end":{"line":217,"column":8}},{"start":{"line":217,"column":8},"end":{"line":217,"column":8}}]},"7":{"line":246,"type":"if","locations":[{"start":{"line":246,"column":24},"end":{"line":246,"column":24}},{"start":{"line":246,"column":24},"end":{"line":246,"column":24}}]},"8":{"line":253,"type":"if","locations":[{"start":{"line":253,"column":36},"end":{"line":253,"column":36}},{"start":{"line":253,"column":36},"end":{"line":253,"column":36}}]},"9":{"line":261,"type":"if","locations":[{"start":{"line":261,"column":48},"end":{"line":261,"column":48}},{"start":{"line":261,"column":48},"end":{"line":261,"column":48}}]},"10":{"line":275,"type":"if","locations":[{"start":{"line":275,"column":56},"end":{"line":275,"column":56}},{"start":{"line":275,"column":56},"end":{"line":275,"column":56}}]},"11":{"line":296,"type":"if","locations":[{"start":{"line":296,"column":36},"end":{"line":296,"column":36}},{"start":{"line":296,"column":36},"end":{"line":296,"column":36}}]},"12":{"line":315,"type":"if","locations":[{"start":{"line":315,"column":12},"end":{"line":315,"column":12}},{"start":{"line":315,"column":12},"end":{"line":315,"column":12}}]},"13":{"line":340,"type":"if","locations":[{"start":{"line":340,"column":8},"end":{"line":340,"column":8}},{"start":{"line":340,"column":8},"end":{"line":340,"column":8}}]},"14":{"line":343,"type":"if","locations":[{"start":{"line":343,"column":12},"end":{"line":343,"column":12}},{"start":{"line":343,"column":12},"end":{"line":343,"column":12}}]},"15":{"line":346,"type":"if","locations":[{"start":{"line":346,"column":17},"end":{"line":346,"column":17}},{"start":{"line":346,"column":17},"end":{"line":346,"column":17}}]},"16":{"line":351,"type":"if","locations":[{"start":{"line":351,"column":14},"end":{"line":351,"column":14}},{"start":{"line":351,"column":14},"end":{"line":351,"column":14}}]},"17":{"line":351,"type":"binary-expr","locations":[{"start":{"line":351,"column":18},"end":{"line":351,"column":49}},{"start":{"line":351,"column":54},"end":{"line":351,"column":69}},{"start":{"line":351,"column":73},"end":{"line":351,"column":86}}]},"18":{"line":387,"type":"if","locations":[{"start":{"line":387,"column":8},"end":{"line":387,"column":8}},{"start":{"line":387,"column":8},"end":{"line":387,"column":8}}]},"19":{"line":396,"type":"if","locations":[{"start":{"line":396,"column":20},"end":{"line":396,"column":20}},{"start":{"line":396,"column":20},"end":{"line":396,"column":20}}]},"20":{"line":429,"type":"if","locations":[{"start":{"line":429,"column":24},"end":{"line":429,"column":24}},{"start":{"line":429,"column":24},"end":{"line":429,"column":24}}]},"21":{"line":459,"type":"if","locations":[{"start":{"line":459,"column":20},"end":{"line":459,"column":20}},{"start":{"line":459,"column":20},"end":{"line":459,"column":20}}]},"22":{"line":489,"type":"if","locations":[{"start":{"line":489,"column":16},"end":{"line":489,"column":16}},{"start":{"line":489,"column":16},"end":{"line":489,"column":16}}]},"23":{"line":521,"type":"if","locations":[{"start":{"line":521,"column":24},"end":{"line":521,"column":24}},{"start":{"line":521,"column":24},"end":{"line":521,"column":24}}]},"24":{"line":548,"type":"if","locations":[{"start":{"line":548,"column":16},"end":{"line":548,"column":16}},{"start":{"line":548,"column":16},"end":{"line":548,"column":16}}]},"25":{"line":576,"type":"if","locations":[{"start":{"line":576,"column":16},"end":{"line":576,"column":16}},{"start":{"line":576,"column":16},"end":{"line":576,"column":16}}]},"26":{"line":651,"type":"if","locations":[{"start":{"line":651,"column":16},"end":{"line":651,"column":16}},{"start":{"line":651,"column":16},"end":{"line":651,"column":16}}]},"27":{"line":685,"type":"if","locations":[{"start":{"line":685,"column":20},"end":{"line":685,"column":20}},{"start":{"line":685,"column":20},"end":{"line":685,"column":20}}]}}},"/Users/gmanzoli/repos/pragmaSrc/Premi/app/models/UserModel.js":{"path":"/Users/gmanzoli/repos/pragmaSrc/Premi/app/models/UserModel.js","s":{"1":1,"2":1,"3":20,"4":1,"5":20,"6":1,"7":1,"8":15,"9":15,"10":15,"11":15,"12":1,"13":17,"14":16,"15":1,"16":1,"17":1,"18":1},"b":{"1":[20,0],"2":[20,17],"3":[15,0],"4":[15,15],"5":[16,1],"6":[17,16]},"f":{"1":20,"2":20,"3":15,"4":17,"5":1},"fnMap":{"1":{"name":"(anonymous_1)","line":13,"loc":{"start":{"line":13,"column":36},"end":{"line":14,"column":0}}},"2":{"name":"(anonymous_2)","line":18,"loc":{"start":{"line":18,"column":36},"end":{"line":19,"column":0}}},"3":{"name":"(anonymous_3)","line":53,"loc":{"start":{"line":53,"column":23},"end":{"line":54,"column":0}}},"4":{"name":"(anonymous_4)","line":72,"loc":{"start":{"line":72,"column":34},"end":{"line":73,"column":0}}},"5":{"name":"(anonymous_5)","line":84,"loc":{"start":{"line":84,"column":34},"end":{"line":85,"column":0}}}},"statementMap":{"1":{"start":{"line":9,"column":0},"end":{"line":11,"column":28}},"2":{"start":{"line":13,"column":0},"end":{"line":16,"column":2}},"3":{"start":{"line":15,"column":1},"end":{"line":15,"column":45}},"4":{"start":{"line":18,"column":0},"end":{"line":21,"column":2}},"5":{"start":{"line":20,"column":1},"end":{"line":20,"column":42}},"6":{"start":{"line":30,"column":0},"end":{"line":51,"column":3}},"7":{"start":{"line":53,"column":0},"end":{"line":61,"column":3}},"8":{"start":{"line":55,"column":1},"end":{"line":59,"column":2}},"9":{"start":{"line":57,"column":2},"end":{"line":57,"column":78}},"10":{"start":{"line":58,"column":2},"end":{"line":58,"column":51}},"11":{"start":{"line":60,"column":1},"end":{"line":60,"column":8}},"12":{"start":{"line":72,"column":0},"end":{"line":82,"column":2}},"13":{"start":{"line":74,"column":1},"end":{"line":81,"column":2}},"14":{"start":{"line":76,"column":2},"end":{"line":76,"column":78}},"15":{"start":{"line":80,"column":2},"end":{"line":80,"column":18}},"16":{"start":{"line":84,"column":0},"end":{"line":87,"column":2}},"17":{"start":{"line":86,"column":1},"end":{"line":86,"column":54}},"18":{"start":{"line":89,"column":0},"end":{"line":89,"column":35}}},"branchMap":{"1":{"line":15,"type":"binary-expr","locations":[{"start":{"line":15,"column":10},"end":{"line":15,"column":23}},{"start":{"line":15,"column":28},"end":{"line":15,"column":43}}]},"2":{"line":20,"type":"binary-expr","locations":[{"start":{"line":20,"column":9},"end":{"line":20,"column":17}},{"start":{"line":20,"column":21},"end":{"line":20,"column":40}}]},"3":{"line":55,"type":"if","locations":[{"start":{"line":55,"column":1},"end":{"line":55,"column":1}},{"start":{"line":55,"column":1},"end":{"line":55,"column":1}}]},"4":{"line":55,"type":"binary-expr","locations":[{"start":{"line":55,"column":5},"end":{"line":55,"column":18}},{"start":{"line":55,"column":22},"end":{"line":55,"column":46}}]},"5":{"line":74,"type":"if","locations":[{"start":{"line":74,"column":1},"end":{"line":74,"column":1}},{"start":{"line":74,"column":1},"end":{"line":74,"column":1}}]},"6":{"line":74,"type":"binary-expr","locations":[{"start":{"line":74,"column":4},"end":{"line":74,"column":13}},{"start":{"line":74,"column":17},"end":{"line":74,"column":25}}]}}},"/Users/gmanzoli/repos/pragmaSrc/Premi/app/models/NodeContentModel.js":{"path":"/Users/gmanzoli/repos/pragmaSrc/Premi/app/models/NodeContentModel.js","s":{"1":1,"2":1,"3":1,"4":1,"5":1,"6":1},"b":{},"f":{"1":1},"fnMap":{"1":{"name":"(anonymous_1)","line":41,"loc":{"start":{"line":41,"column":4},"end":{"line":42,"column":4}}}},"statementMap":{"1":{"start":{"line":10,"column":0},"end":{"line":12,"column":31}},"2":{"start":{"line":20,"column":0},"end":{"line":29,"column":2}},"3":{"start":{"line":40,"column":0},"end":{"line":45,"column":6}},"4":{"start":{"line":43,"column":8},"end":{"line":43,"column":44}},"5":{"start":{"line":44,"column":8},"end":{"line":44,"column":30}},"6":{"start":{"line":47,"column":0},"end":{"line":47,"column":66}}},"branchMap":{}},"/Users/gmanzoli/repos/pragmaSrc/Premi/app/models/NodeModel.js":{"path":"/Users/gmanzoli/repos/pragmaSrc/Premi/app/models/NodeModel.js","s":{"1":1,"2":1,"3":1,"4":22,"5":22,"6":22,"7":22,"8":1,"9":1,"10":1,"11":3,"12":3,"13":3,"14":6,"15":3,"16":1},"b":{},"f":{"1":22,"2":1,"3":3},"fnMap":{"1":{"name":"(anonymous_1)","line":36,"loc":{"start":{"line":36,"column":4},"end":{"line":37,"column":4}}},"2":{"name":"(anonymous_2)","line":64,"loc":{"start":{"line":64,"column":4},"end":{"line":65,"column":4}}},"3":{"name":"(anonymous_3)","line":79,"loc":{"start":{"line":79,"column":4},"end":{"line":80,"column":4}}}},"statementMap":{"1":{"start":{"line":11,"column":0},"end":{"line":14,"column":48}},"2":{"start":{"line":21,"column":0},"end":{"line":25,"column":2}},"3":{"start":{"line":35,"column":0},"end":{"line":52,"column":6}},"4":{"start":{"line":38,"column":8},"end":{"line":38,"column":17}},"5":{"start":{"line":39,"column":8},"end":{"line":39,"column":26}},"6":{"start":{"line":40,"column":8},"end":{"line":50,"column":14}},"7":{"start":{"line":51,"column":8},"end":{"line":51,"column":23}},"8":{"start":{"line":63,"column":0},"end":{"line":67,"column":6}},"9":{"start":{"line":66,"column":8},"end":{"line":66,"column":32}},"10":{"start":{"line":78,"column":0},"end":{"line":93,"column":6}},"11":{"start":{"line":81,"column":8},"end":{"line":81,"column":29}},"12":{"start":{"line":82,"column":8},"end":{"line":82,"column":27}},"13":{"start":{"line":86,"column":8},"end":{"line":89,"column":9}},"14":{"start":{"line":88,"column":12},"end":{"line":88,"column":60}},"15":{"start":{"line":92,"column":8},"end":{"line":92,"column":23}},"16":{"start":{"line":95,"column":0},"end":{"line":95,"column":57}}},"branchMap":{}},"/Users/gmanzoli/repos/pragmaSrc/Premi/app/models/PathModel.js":{"path":"/Users/gmanzoli/repos/pragmaSrc/Premi/app/models/PathModel.js","s":{"1":1,"2":1,"3":1,"4":19,"5":19,"6":19,"7":19,"8":1,"9":3,"10":1,"11":20,"12":1,"13":4,"14":4,"15":3,"16":3,"17":1,"18":1},"b":{"1":[3,1]},"f":{"1":19,"2":3,"3":20,"4":4},"fnMap":{"1":{"name":"(anonymous_1)","line":40,"loc":{"start":{"line":40,"column":4},"end":{"line":41,"column":4}}},"2":{"name":"(anonymous_2)","line":55,"loc":{"start":{"line":55,"column":29},"end":{"line":55,"column":43}}},"3":{"name":"(anonymous_3)","line":67,"loc":{"start":{"line":67,"column":4},"end":{"line":68,"column":4}}},"4":{"name":"(anonymous_4)","line":85,"loc":{"start":{"line":85,"column":4},"end":{"line":86,"column":4}}}},"statementMap":{"1":{"start":{"line":11,"column":0},"end":{"line":14,"column":61}},"2":{"start":{"line":21,"column":0},"end":{"line":27,"column":2}},"3":{"start":{"line":39,"column":0},"end":{"line":46,"column":6}},"4":{"start":{"line":42,"column":8},"end":{"line":42,"column":30}},"5":{"start":{"line":43,"column":8},"end":{"line":43,"column":25}},"6":{"start":{"line":44,"column":8},"end":{"line":44,"column":33}},"7":{"start":{"line":45,"column":8},"end":{"line":45,"column":23}},"8":{"start":{"line":55,"column":0},"end":{"line":57,"column":2}},"9":{"start":{"line":56,"column":4},"end":{"line":56,"column":21}},"10":{"start":{"line":66,"column":0},"end":{"line":70,"column":6}},"11":{"start":{"line":69,"column":8},"end":{"line":69,"column":32}},"12":{"start":{"line":84,"column":0},"end":{"line":93,"column":6}},"13":{"start":{"line":87,"column":8},"end":{"line":87,"column":47}},"14":{"start":{"line":88,"column":8},"end":{"line":92,"column":45}},"15":{"start":{"line":90,"column":12},"end":{"line":90,"column":40}},"16":{"start":{"line":91,"column":12},"end":{"line":91,"column":27}},"17":{"start":{"line":92,"column":14},"end":{"line":92,"column":45}},"18":{"start":{"line":95,"column":0},"end":{"line":95,"column":52}}},"branchMap":{"1":{"line":88,"type":"if","locations":[{"start":{"line":88,"column":8},"end":{"line":88,"column":8}},{"start":{"line":88,"column":8},"end":{"line":88,"column":8}}]}}},"/Users/gmanzoli/repos/pragmaSrc/Premi/app/models/RelationModel.js":{"path":"/Users/gmanzoli/repos/pragmaSrc/Premi/app/models/RelationModel.js","s":{"1":1,"2":1,"3":1,"4":13,"5":13,"6":13,"7":13,"8":13,"9":1},"b":{},"f":{"1":13},"fnMap":{"1":{"name":"(anonymous_1)","line":39,"loc":{"start":{"line":39,"column":4},"end":{"line":40,"column":4}}}},"statementMap":{"1":{"start":{"line":11,"column":0},"end":{"line":13,"column":31}},"2":{"start":{"line":21,"column":0},"end":{"line":27,"column":2}},"3":{"start":{"line":38,"column":0},"end":{"line":46,"column":6}},"4":{"start":{"line":41,"column":8},"end":{"line":41,"column":29}},"5":{"start":{"line":42,"column":8},"end":{"line":42,"column":30}},"6":{"start":{"line":43,"column":8},"end":{"line":43,"column":40}},"7":{"start":{"line":44,"column":8},"end":{"line":44,"column":25}},"8":{"start":{"line":45,"column":8},"end":{"line":45,"column":22}},"9":{"start":{"line":48,"column":0},"end":{"line":48,"column":60}}},"branchMap":{}},"/Users/gmanzoli/repos/pragmaSrc/Premi/app/controllers/projects/NodeController.js":{"path":"/Users/gmanzoli/repos/pragmaSrc/Premi/app/controllers/projects/NodeController.js","s":{"1":1,"2":1,"3":10,"4":2,"5":8,"6":1,"7":4,"8":4,"9":9,"10":1,"11":4,"12":1,"13":4,"14":3,"15":1,"16":1,"17":4,"18":3,"19":2,"20":1,"21":1,"22":1,"23":3,"24":2,"25":1,"26":1,"27":5,"28":5,"29":5,"30":5,"31":2,"32":3,"33":2,"34":1,"35":1,"36":3,"37":2,"38":1,"39":1,"40":8,"41":1,"42":7,"43":7,"44":1,"45":5,"46":5,"47":5,"48":3,"49":2,"50":2},"b":{"1":[2,8],"2":[10,8],"3":[1,8],"4":[9,7,7,7,7,7,7,7,7,7,7,7,7,7],"5":[3,1],"6":[2,0],"7":[2,3],"8":[5,4,4],"9":[1,7],"10":[8,7],"11":[3,2],"12":[5,4,4]},"f":{"1":10,"2":4,"3":4,"4":3,"5":1,"6":4,"7":2,"8":1,"9":3,"10":2,"11":1,"12":5,"13":2,"14":1,"15":3,"16":2,"17":1,"18":8,"19":5},"fnMap":{"1":{"name":"validateNode","line":20,"loc":{"start":{"line":20,"column":0},"end":{"line":21,"column":0}}},"2":{"name":"validateContents","line":28,"loc":{"start":{"line":28,"column":0},"end":{"line":29,"column":0}}},"3":{"name":"(anonymous_3)","line":58,"loc":{"start":{"line":58,"column":8},"end":{"line":59,"column":8}}},"4":{"name":"(anonymous_4)","line":61,"loc":{"start":{"line":61,"column":20},"end":{"line":62,"column":20}}},"5":{"name":"(anonymous_5)","line":65,"loc":{"start":{"line":65,"column":20},"end":{"line":66,"column":20}}},"6":{"name":"(anonymous_6)","line":82,"loc":{"start":{"line":82,"column":8},"end":{"line":83,"column":8}}},"7":{"name":"(anonymous_7)","line":87,"loc":{"start":{"line":87,"column":20},"end":{"line":88,"column":20}}},"8":{"name":"(anonymous_8)","line":91,"loc":{"start":{"line":91,"column":20},"end":{"line":92,"column":20}}},"9":{"name":"(anonymous_9)","line":115,"loc":{"start":{"line":115,"column":8},"end":{"line":116,"column":8}}},"10":{"name":"(anonymous_10)","line":118,"loc":{"start":{"line":118,"column":20},"end":{"line":119,"column":20}}},"11":{"name":"(anonymous_11)","line":122,"loc":{"start":{"line":122,"column":20},"end":{"line":123,"column":20}}},"12":{"name":"(anonymous_12)","line":144,"loc":{"start":{"line":144,"column":8},"end":{"line":145,"column":8}}},"13":{"name":"(anonymous_13)","line":155,"loc":{"start":{"line":155,"column":20},"end":{"line":156,"column":20}}},"14":{"name":"(anonymous_14)","line":159,"loc":{"start":{"line":159,"column":20},"end":{"line":160,"column":20}}},"15":{"name":"(anonymous_15)","line":177,"loc":{"start":{"line":177,"column":4},"end":{"line":178,"column":4}}},"16":{"name":"(anonymous_16)","line":180,"loc":{"start":{"line":180,"column":12},"end":{"line":181,"column":12}}},"17":{"name":"(anonymous_17)","line":184,"loc":{"start":{"line":184,"column":12},"end":{"line":185,"column":12}}},"18":{"name":"(anonymous_18)","line":208,"loc":{"start":{"line":208,"column":4},"end":{"line":209,"column":4}}},"19":{"name":"(anonymous_19)","line":232,"loc":{"start":{"line":232,"column":4},"end":{"line":232,"column":34}}}},"statementMap":{"1":{"start":{"line":15,"column":0},"end":{"line":18,"column":40}},"2":{"start":{"line":20,"column":0},"end":{"line":26,"column":1}},"3":{"start":{"line":22,"column":4},"end":{"line":25,"column":36}},"4":{"start":{"line":23,"column":8},"end":{"line":23,"column":21}},"5":{"start":{"line":25,"column":8},"end":{"line":25,"column":36}},"6":{"start":{"line":28,"column":0},"end":{"line":44,"column":1}},"7":{"start":{"line":30,"column":8},"end":{"line":30,"column":24}},"8":{"start":{"line":36,"column":8},"end":{"line":42,"column":9}},"9":{"start":{"line":38,"column":12},"end":{"line":41,"column":29}},"10":{"start":{"line":41,"column":16},"end":{"line":41,"column":29}},"11":{"start":{"line":43,"column":4},"end":{"line":43,"column":17}},"12":{"start":{"line":57,"column":0},"end":{"line":70,"column":10}},"13":{"start":{"line":60,"column":12},"end":{"line":69,"column":14}},"14":{"start":{"line":63,"column":24},"end":{"line":63,"column":39}},"15":{"start":{"line":67,"column":24},"end":{"line":67,"column":34}},"16":{"start":{"line":81,"column":0},"end":{"line":101,"column":10}},"17":{"start":{"line":84,"column":12},"end":{"line":100,"column":13}},"18":{"start":{"line":86,"column":16},"end":{"line":95,"column":18}},"19":{"start":{"line":89,"column":24},"end":{"line":89,"column":49}},"20":{"start":{"line":93,"column":24},"end":{"line":93,"column":34}},"21":{"start":{"line":99,"column":16},"end":{"line":99,"column":43}},"22":{"start":{"line":114,"column":0},"end":{"line":127,"column":10}},"23":{"start":{"line":117,"column":12},"end":{"line":126,"column":14}},"24":{"start":{"line":120,"column":24},"end":{"line":120,"column":49}},"25":{"start":{"line":124,"column":24},"end":{"line":124,"column":34}},"26":{"start":{"line":143,"column":0},"end":{"line":164,"column":10}},"27":{"start":{"line":146,"column":12},"end":{"line":146,"column":52}},"28":{"start":{"line":147,"column":12},"end":{"line":147,"column":73}},"29":{"start":{"line":148,"column":12},"end":{"line":148,"column":83}},"30":{"start":{"line":149,"column":12},"end":{"line":163,"column":18}},"31":{"start":{"line":151,"column":16},"end":{"line":151,"column":43}},"32":{"start":{"line":154,"column":16},"end":{"line":163,"column":18}},"33":{"start":{"line":157,"column":24},"end":{"line":157,"column":56}},"34":{"start":{"line":161,"column":24},"end":{"line":161,"column":41}},"35":{"start":{"line":176,"column":0},"end":{"line":190,"column":6}},"36":{"start":{"line":179,"column":8},"end":{"line":188,"column":10}},"37":{"start":{"line":182,"column":16},"end":{"line":182,"column":44}},"38":{"start":{"line":186,"column":16},"end":{"line":186,"column":26}},"39":{"start":{"line":207,"column":0},"end":{"line":217,"column":6}},"40":{"start":{"line":210,"column":8},"end":{"line":216,"column":9}},"41":{"start":{"line":211,"column":12},"end":{"line":211,"column":39}},"42":{"start":{"line":214,"column":12},"end":{"line":214,"column":48}},"43":{"start":{"line":215,"column":12},"end":{"line":215,"column":19}},"44":{"start":{"line":231,"column":0},"end":{"line":242,"column":6}},"45":{"start":{"line":233,"column":9},"end":{"line":233,"column":25}},"46":{"start":{"line":234,"column":9},"end":{"line":234,"column":51}},"47":{"start":{"line":235,"column":8},"end":{"line":241,"column":9}},"48":{"start":{"line":236,"column":12},"end":{"line":236,"column":39}},"49":{"start":{"line":239,"column":12},"end":{"line":239,"column":42}},"50":{"start":{"line":240,"column":12},"end":{"line":240,"column":19}}},"branchMap":{"1":{"line":22,"type":"if","locations":[{"start":{"line":22,"column":4},"end":{"line":22,"column":4}},{"start":{"line":22,"column":4},"end":{"line":22,"column":4}}]},"2":{"line":22,"type":"binary-expr","locations":[{"start":{"line":22,"column":8},"end":{"line":22,"column":44}},{"start":{"line":22,"column":48},"end":{"line":22,"column":69}}]},"3":{"line":38,"type":"if","locations":[{"start":{"line":38,"column":12},"end":{"line":38,"column":12}},{"start":{"line":38,"column":12},"end":{"line":38,"column":12}}]},"4":{"line":38,"type":"binary-expr","locations":[{"start":{"line":38,"column":15},"end":{"line":38,"column":20}},{"start":{"line":38,"column":25},"end":{"line":38,"column":43}},{"start":{"line":38,"column":47},"end":{"line":38,"column":61}},{"start":{"line":38,"column":65},"end":{"line":38,"column":79}},{"start":{"line":38,"column":83},"end":{"line":38,"column":102}},{"start":{"line":38,"column":106},"end":{"line":38,"column":124}},{"start":{"line":38,"column":127},"end":{"line":38,"column":146}},{"start":{"line":39,"column":0},"end":{"line":39,"column":17}},{"start":{"line":39,"column":21},"end":{"line":39,"column":40}},{"start":{"line":39,"column":44},"end":{"line":39,"column":61}},{"start":{"line":39,"column":65},"end":{"line":39,"column":89}},{"start":{"line":39,"column":93},"end":{"line":39,"column":115}},{"start":{"line":39,"column":119},"end":{"line":39,"column":142}},{"start":{"line":40,"column":3},"end":{"line":40,"column":24}}]},"5":{"line":84,"type":"if","locations":[{"start":{"line":84,"column":12},"end":{"line":84,"column":12}},{"start":{"line":84,"column":12},"end":{"line":84,"column":12}}]},"6":{"line":120,"type":"binary-expr","locations":[{"start":{"line":120,"column":33},"end":{"line":120,"column":39}},{"start":{"line":120,"column":43},"end":{"line":120,"column":47}}]},"7":{"line":149,"type":"if","locations":[{"start":{"line":149,"column":12},"end":{"line":149,"column":12}},{"start":{"line":149,"column":12},"end":{"line":149,"column":12}}]},"8":{"line":149,"type":"binary-expr","locations":[{"start":{"line":149,"column":15},"end":{"line":149,"column":39}},{"start":{"line":149,"column":43},"end":{"line":149,"column":72}},{"start":{"line":149,"column":76},"end":{"line":149,"column":122}}]},"9":{"line":210,"type":"if","locations":[{"start":{"line":210,"column":8},"end":{"line":210,"column":8}},{"start":{"line":210,"column":8},"end":{"line":210,"column":8}}]},"10":{"line":210,"type":"binary-expr","locations":[{"start":{"line":210,"column":12},"end":{"line":210,"column":48}},{"start":{"line":210,"column":52},"end":{"line":210,"column":77}}]},"11":{"line":235,"type":"if","locations":[{"start":{"line":235,"column":8},"end":{"line":235,"column":8}},{"start":{"line":235,"column":8},"end":{"line":235,"column":8}}]},"12":{"line":235,"type":"binary-expr","locations":[{"start":{"line":235,"column":12},"end":{"line":235,"column":48}},{"start":{"line":235,"column":52},"end":{"line":235,"column":64}},{"start":{"line":235,"column":68},"end":{"line":235,"column":103}}]}}},"/Users/gmanzoli/repos/pragmaSrc/Premi/app/controllers/projects/PathController.js":{"path":"/Users/gmanzoli/repos/pragmaSrc/Premi/app/controllers/projects/PathController.js","s":{"1":1,"2":1,"3":3,"4":0,"5":3,"6":2,"7":1,"8":1,"9":2,"10":2,"11":0,"12":1,"13":2,"14":2,"15":0,"16":1,"17":3,"18":1,"19":2,"20":2,"21":0,"22":1,"23":2,"24":2,"25":0,"26":1,"27":3,"28":2,"29":1,"30":1,"31":7,"32":1,"33":6,"34":6},"b":{"1":[0,3],"2":[1,2],"3":[1,6],"4":[7,6]},"f":{"1":3,"2":2,"3":1,"4":2,"5":2,"6":0,"7":2,"8":2,"9":0,"10":3,"11":2,"12":0,"13":2,"14":2,"15":0,"16":3,"17":2,"18":1,"19":7},"fnMap":{"1":{"name":"(anonymous_1)","line":27,"loc":{"start":{"line":27,"column":4},"end":{"line":28,"column":4}}},"2":{"name":"(anonymous_2)","line":39,"loc":{"start":{"line":39,"column":16},"end":{"line":40,"column":16}}},"3":{"name":"(anonymous_3)","line":48,"loc":{"start":{"line":48,"column":16},"end":{"line":49,"column":16}}},"4":{"name":"(anonymous_4)","line":66,"loc":{"start":{"line":66,"column":4},"end":{"line":67,"column":4}}},"5":{"name":"(anonymous_5)","line":71,"loc":{"start":{"line":71,"column":12},"end":{"line":72,"column":12}}},"6":{"name":"(anonymous_6)","line":75,"loc":{"start":{"line":75,"column":12},"end":{"line":76,"column":12}}},"7":{"name":"(anonymous_7)","line":94,"loc":{"start":{"line":94,"column":4},"end":{"line":95,"column":4}}},"8":{"name":"(anonymous_8)","line":99,"loc":{"start":{"line":99,"column":12},"end":{"line":100,"column":12}}},"9":{"name":"(anonymous_9)","line":103,"loc":{"start":{"line":103,"column":12},"end":{"line":104,"column":12}}},"10":{"name":"(anonymous_10)","line":123,"loc":{"start":{"line":123,"column":4},"end":{"line":124,"column":4}}},"11":{"name":"(anonymous_11)","line":135,"loc":{"start":{"line":135,"column":16},"end":{"line":136,"column":16}}},"12":{"name":"(anonymous_12)","line":143,"loc":{"start":{"line":143,"column":16},"end":{"line":144,"column":16}}},"13":{"name":"(anonymous_13)","line":162,"loc":{"start":{"line":162,"column":4},"end":{"line":162,"column":28}}},"14":{"name":"(anonymous_14)","line":167,"loc":{"start":{"line":167,"column":12},"end":{"line":168,"column":12}}},"15":{"name":"(anonymous_15)","line":171,"loc":{"start":{"line":171,"column":12},"end":{"line":172,"column":12}}},"16":{"name":"(anonymous_16)","line":190,"loc":{"start":{"line":190,"column":4},"end":{"line":190,"column":28}}},"17":{"name":"(anonymous_17)","line":194,"loc":{"start":{"line":194,"column":12},"end":{"line":195,"column":12}}},"18":{"name":"(anonymous_18)","line":198,"loc":{"start":{"line":198,"column":12},"end":{"line":199,"column":12}}},"19":{"name":"(anonymous_19)","line":224,"loc":{"start":{"line":224,"column":4},"end":{"line":225,"column":4}}}},"statementMap":{"1":{"start":{"line":11,"column":0},"end":{"line":14,"column":49}},"2":{"start":{"line":26,"column":0},"end":{"line":54,"column":6}},"3":{"start":{"line":30,"column":8},"end":{"line":53,"column":9}},"4":{"start":{"line":32,"column":11},"end":{"line":32,"column":46}},"5":{"start":{"line":37,"column":12},"end":{"line":52,"column":14}},"6":{"start":{"line":41,"column":20},"end":{"line":46,"column":22}},"7":{"start":{"line":50,"column":20},"end":{"line":50,"column":30}},"8":{"start":{"line":65,"column":0},"end":{"line":80,"column":6}},"9":{"start":{"line":69,"column":8},"end":{"line":79,"column":10}},"10":{"start":{"line":73,"column":16},"end":{"line":73,"column":44}},"11":{"start":{"line":77,"column":16},"end":{"line":77,"column":26}},"12":{"start":{"line":93,"column":0},"end":{"line":108,"column":6}},"13":{"start":{"line":97,"column":8},"end":{"line":107,"column":10}},"14":{"start":{"line":101,"column":16},"end":{"line":101,"column":31}},"15":{"start":{"line":105,"column":16},"end":{"line":105,"column":26}},"16":{"start":{"line":122,"column":0},"end":{"line":149,"column":6}},"17":{"start":{"line":126,"column":8},"end":{"line":148,"column":9}},"18":{"start":{"line":128,"column":12},"end":{"line":128,"column":40}},"19":{"start":{"line":132,"column":12},"end":{"line":147,"column":14}},"20":{"start":{"line":137,"column":20},"end":{"line":141,"column":22}},"21":{"start":{"line":145,"column":20},"end":{"line":145,"column":30}},"22":{"start":{"line":161,"column":0},"end":{"line":177,"column":6}},"23":{"start":{"line":164,"column":8},"end":{"line":175,"column":10}},"24":{"start":{"line":169,"column":16},"end":{"line":169,"column":38}},"25":{"start":{"line":173,"column":16},"end":{"line":173,"column":26}},"26":{"start":{"line":189,"column":0},"end":{"line":205,"column":6}},"27":{"start":{"line":191,"column":8},"end":{"line":203,"column":10}},"28":{"start":{"line":196,"column":16},"end":{"line":196,"column":31}},"29":{"start":{"line":201,"column":16},"end":{"line":201,"column":26}},"30":{"start":{"line":223,"column":0},"end":{"line":234,"column":6}},"31":{"start":{"line":227,"column":8},"end":{"line":233,"column":9}},"32":{"start":{"line":228,"column":12},"end":{"line":228,"column":39}},"33":{"start":{"line":231,"column":12},"end":{"line":231,"column":49}},"34":{"start":{"line":232,"column":12},"end":{"line":232,"column":19}}},"branchMap":{"1":{"line":30,"type":"if","locations":[{"start":{"line":30,"column":8},"end":{"line":30,"column":8}},{"start":{"line":30,"column":8},"end":{"line":30,"column":8}}]},"2":{"line":126,"type":"if","locations":[{"start":{"line":126,"column":8},"end":{"line":126,"column":8}},{"start":{"line":126,"column":8},"end":{"line":126,"column":8}}]},"3":{"line":227,"type":"if","locations":[{"start":{"line":227,"column":8},"end":{"line":227,"column":8}},{"start":{"line":227,"column":8},"end":{"line":227,"column":8}}]},"4":{"line":227,"type":"binary-expr","locations":[{"start":{"line":227,"column":12},"end":{"line":227,"column":48}},{"start":{"line":227,"column":52},"end":{"line":227,"column":77}}]}}},"/Users/gmanzoli/repos/pragmaSrc/Premi/app/controllers/projects/ProjectManagementController.js":{"path":"/Users/gmanzoli/repos/pragmaSrc/Premi/app/controllers/projects/ProjectManagementController.js","s":{"1":1,"2":1,"3":0,"4":0,"5":0,"6":0,"7":0,"8":0,"9":1,"10":2,"11":2,"12":2,"13":0,"14":0,"15":0,"16":0,"17":0,"18":0,"19":0,"20":0,"21":0,"22":0,"23":0,"24":0,"25":0,"26":0,"27":0,"28":0,"29":0,"30":0,"31":0,"32":0,"33":0,"34":0,"35":0,"36":1,"37":7,"38":6,"39":6,"40":0,"41":1,"42":1,"43":1,"44":1,"45":0,"46":1,"47":1,"48":3,"49":3,"50":0,"51":3,"52":1,"53":6,"54":2,"55":2,"56":2,"57":2,"58":2,"59":0,"60":0,"61":0,"62":0,"63":4,"64":1,"65":3,"66":3,"67":1,"68":2,"69":1,"70":2,"71":2,"72":2,"73":2,"74":2,"75":2,"76":2,"77":2,"78":1,"79":2,"80":2,"81":0,"82":2,"83":1,"84":19,"85":1,"86":18,"87":18,"88":0,"89":18,"90":18},"b":{"1":[0,0],"2":[0,0],"3":[0,0],"4":[0,0],"5":[0,0],"6":[0,0],"7":[0,0],"8":[0,0],"9":[6,1],"10":[0,1],"11":[1,0],"12":[0,3],"13":[3,2],"14":[2,4],"15":[6,5,4,3],"16":[1,2],"17":[0,2],"18":[2,1],"19":[1,18],"20":[0,18]},"f":{"1":0,"2":0,"3":2,"4":0,"5":7,"6":6,"7":0,"8":1,"9":1,"10":3,"11":3,"12":6,"13":2,"14":2,"15":2,"16":2,"17":0,"18":0,"19":0,"20":0,"21":3,"22":3,"23":2,"24":2,"25":2,"26":2,"27":19,"28":18},"fnMap":{"1":{"name":"nodeTitle","line":16,"loc":{"start":{"line":16,"column":0},"end":{"line":17,"column":0}}},"2":{"name":"(anonymous_2)","line":20,"loc":{"start":{"line":20,"column":8},"end":{"line":21,"column":8}}},"3":{"name":"buildFrame","line":32,"loc":{"start":{"line":32,"column":0},"end":{"line":33,"column":0}}},"4":{"name":"(anonymous_4)","line":37,"loc":{"start":{"line":37,"column":8},"end":{"line":38,"column":8}}},"5":{"name":"(anonymous_5)","line":115,"loc":{"start":{"line":115,"column":4},"end":{"line":115,"column":29}}},"6":{"name":"(anonymous_6)","line":118,"loc":{"start":{"line":118,"column":16},"end":{"line":119,"column":16}}},"7":{"name":"(anonymous_7)","line":122,"loc":{"start":{"line":122,"column":16},"end":{"line":123,"column":16}}},"8":{"name":"(anonymous_8)","line":144,"loc":{"start":{"line":144,"column":4},"end":{"line":145,"column":4}}},"9":{"name":"(anonymous_9)","line":153,"loc":{"start":{"line":153,"column":12},"end":{"line":154,"column":12}}},"10":{"name":"(anonymous_10)","line":175,"loc":{"start":{"line":175,"column":4},"end":{"line":176,"column":4}}},"11":{"name":"(anonymous_11)","line":185,"loc":{"start":{"line":185,"column":12},"end":{"line":186,"column":12}}},"12":{"name":"(anonymous_12)","line":208,"loc":{"start":{"line":208,"column":4},"end":{"line":209,"column":4}}},"13":{"name":"(anonymous_13)","line":213,"loc":{"start":{"line":213,"column":16},"end":{"line":214,"column":16}}},"14":{"name":"(anonymous_14)","line":216,"loc":{"start":{"line":216,"column":24},"end":{"line":217,"column":24}}},"15":{"name":"(anonymous_15)","line":219,"loc":{"start":{"line":219,"column":32},"end":{"line":220,"column":32}}},"16":{"name":"(anonymous_16)","line":222,"loc":{"start":{"line":222,"column":40},"end":{"line":223,"column":40}}},"17":{"name":"(anonymous_17)","line":226,"loc":{"start":{"line":226,"column":40},"end":{"line":227,"column":40}}},"18":{"name":"(anonymous_18)","line":231,"loc":{"start":{"line":231,"column":32},"end":{"line":232,"column":32}}},"19":{"name":"(anonymous_19)","line":236,"loc":{"start":{"line":236,"column":24},"end":{"line":237,"column":24}}},"20":{"name":"(anonymous_20)","line":241,"loc":{"start":{"line":241,"column":16},"end":{"line":242,"column":16}}},"21":{"name":"(anonymous_21)","line":263,"loc":{"start":{"line":263,"column":4},"end":{"line":264,"column":4}}},"22":{"name":"(anonymous_22)","line":266,"loc":{"start":{"line":266,"column":12},"end":{"line":266,"column":27}}},"23":{"name":"(anonymous_23)","line":290,"loc":{"start":{"line":290,"column":4},"end":{"line":291,"column":4}}},"24":{"name":"(anonymous_24)","line":300,"loc":{"start":{"line":300,"column":12},"end":{"line":301,"column":12}}},"25":{"name":"(anonymous_25)","line":329,"loc":{"start":{"line":329,"column":4},"end":{"line":330,"column":4}}},"26":{"name":"(anonymous_26)","line":338,"loc":{"start":{"line":338,"column":12},"end":{"line":339,"column":12}}},"27":{"name":"(anonymous_27)","line":366,"loc":{"start":{"line":366,"column":4},"end":{"line":367,"column":4}}},"28":{"name":"(anonymous_28)","line":377,"loc":{"start":{"line":377,"column":16},"end":{"line":377,"column":40}}}},"statementMap":{"1":{"start":{"line":11,"column":0},"end":{"line":14,"column":40}},"2":{"start":{"line":16,"column":0},"end":{"line":30,"column":1}},"3":{"start":{"line":18,"column":4},"end":{"line":18,"column":19}},"4":{"start":{"line":19,"column":4},"end":{"line":28,"column":6}},"5":{"start":{"line":22,"column":12},"end":{"line":26,"column":13}},"6":{"start":{"line":24,"column":16},"end":{"line":24,"column":40}},"7":{"start":{"line":25,"column":16},"end":{"line":25,"column":23}},"8":{"start":{"line":29,"column":4},"end":{"line":29,"column":17}},"9":{"start":{"line":32,"column":0},"end":{"line":103,"column":1}},"10":{"start":{"line":34,"column":4},"end":{"line":34,"column":41}},"11":{"start":{"line":35,"column":4},"end":{"line":35,"column":23}},"12":{"start":{"line":36,"column":4},"end":{"line":102,"column":6}},"13":{"start":{"line":39,"column":12},"end":{"line":39,"column":44}},"14":{"start":{"line":40,"column":12},"end":{"line":40,"column":47}},"15":{"start":{"line":41,"column":12},"end":{"line":41,"column":50}},"16":{"start":{"line":44,"column":12},"end":{"line":100,"column":13}},"17":{"start":{"line":46,"column":16},"end":{"line":71,"column":17}},"18":{"start":{"line":49,"column":20},"end":{"line":49,"column":62}},"19":{"start":{"line":51,"column":20},"end":{"line":51,"column":45}},"20":{"start":{"line":53,"column":20},"end":{"line":58,"column":22}},"21":{"start":{"line":59,"column":22},"end":{"line":71,"column":17}},"22":{"start":{"line":62,"column":20},"end":{"line":62,"column":58}},"23":{"start":{"line":64,"column":20},"end":{"line":64,"column":46}},"24":{"start":{"line":66,"column":20},"end":{"line":70,"column":22}},"25":{"start":{"line":73,"column":18},"end":{"line":100,"column":13}},"26":{"start":{"line":76,"column":16},"end":{"line":84,"column":17}},"27":{"start":{"line":78,"column":20},"end":{"line":78,"column":62}},"28":{"start":{"line":79,"column":20},"end":{"line":79,"column":38}},"29":{"start":{"line":80,"column":22},"end":{"line":84,"column":17}},"30":{"start":{"line":82,"column":20},"end":{"line":82,"column":57}},"31":{"start":{"line":83,"column":20},"end":{"line":83,"column":38}},"32":{"start":{"line":86,"column":16},"end":{"line":98,"column":17}},"33":{"start":{"line":89,"column":20},"end":{"line":89,"column":45}},"34":{"start":{"line":91,"column":20},"end":{"line":96,"column":22}},"35":{"start":{"line":97,"column":20},"end":{"line":97,"column":39}},"36":{"start":{"line":114,"column":0},"end":{"line":131,"column":6}},"37":{"start":{"line":116,"column":8},"end":{"line":130,"column":9}},"38":{"start":{"line":117,"column":12},"end":{"line":126,"column":14}},"39":{"start":{"line":120,"column":20},"end":{"line":120,"column":38}},"40":{"start":{"line":124,"column":20},"end":{"line":124,"column":30}},"41":{"start":{"line":129,"column":12},"end":{"line":129,"column":39}},"42":{"start":{"line":143,"column":0},"end":{"line":163,"column":6}},"43":{"start":{"line":146,"column":8},"end":{"line":162,"column":10}},"44":{"start":{"line":155,"column":16},"end":{"line":160,"column":45}},"45":{"start":{"line":157,"column":20},"end":{"line":157,"column":47}},"46":{"start":{"line":160,"column":20},"end":{"line":160,"column":45}},"47":{"start":{"line":174,"column":0},"end":{"line":195,"column":6}},"48":{"start":{"line":177,"column":8},"end":{"line":194,"column":10}},"49":{"start":{"line":187,"column":16},"end":{"line":192,"column":48}},"50":{"start":{"line":189,"column":20},"end":{"line":189,"column":47}},"51":{"start":{"line":192,"column":20},"end":{"line":192,"column":48}},"52":{"start":{"line":207,"column":0},"end":{"line":251,"column":6}},"53":{"start":{"line":210,"column":8},"end":{"line":250,"column":9}},"54":{"start":{"line":212,"column":12},"end":{"line":245,"column":14}},"55":{"start":{"line":215,"column":20},"end":{"line":239,"column":27}},"56":{"start":{"line":218,"column":28},"end":{"line":234,"column":35}},"57":{"start":{"line":221,"column":36},"end":{"line":229,"column":43}},"58":{"start":{"line":224,"column":44},"end":{"line":224,"column":69}},"59":{"start":{"line":228,"column":44},"end":{"line":228,"column":54}},"60":{"start":{"line":233,"column":36},"end":{"line":233,"column":46}},"61":{"start":{"line":238,"column":28},"end":{"line":238,"column":38}},"62":{"start":{"line":243,"column":20},"end":{"line":243,"column":30}},"63":{"start":{"line":249,"column":12},"end":{"line":249,"column":39}},"64":{"start":{"line":262,"column":0},"end":{"line":275,"column":6}},"65":{"start":{"line":265,"column":8},"end":{"line":274,"column":14}},"66":{"start":{"line":267,"column":16},"end":{"line":272,"column":47}},"67":{"start":{"line":269,"column":20},"end":{"line":269,"column":47}},"68":{"start":{"line":272,"column":20},"end":{"line":272,"column":47}},"69":{"start":{"line":289,"column":0},"end":{"line":316,"column":6}},"70":{"start":{"line":292,"column":8},"end":{"line":292,"column":41}},"71":{"start":{"line":293,"column":8},"end":{"line":293,"column":30}},"72":{"start":{"line":294,"column":8},"end":{"line":297,"column":10}},"73":{"start":{"line":299,"column":8},"end":{"line":314,"column":10}},"74":{"start":{"line":303,"column":16},"end":{"line":308,"column":22}},"75":{"start":{"line":310,"column":16},"end":{"line":310,"column":49}},"76":{"start":{"line":312,"column":16},"end":{"line":312,"column":48}},"77":{"start":{"line":315,"column":8},"end":{"line":315,"column":31}},"78":{"start":{"line":328,"column":0},"end":{"line":346,"column":6}},"79":{"start":{"line":331,"column":8},"end":{"line":345,"column":10}},"80":{"start":{"line":340,"column":16},"end":{"line":343,"column":48}},"81":{"start":{"line":341,"column":20},"end":{"line":341,"column":47}},"82":{"start":{"line":343,"column":20},"end":{"line":343,"column":48}},"83":{"start":{"line":365,"column":0},"end":{"line":385,"column":6}},"84":{"start":{"line":368,"column":8},"end":{"line":384,"column":9}},"85":{"start":{"line":369,"column":12},"end":{"line":369,"column":39}},"86":{"start":{"line":372,"column":12},"end":{"line":383,"column":14}},"87":{"start":{"line":378,"column":20},"end":{"line":379,"column":34}},"88":{"start":{"line":379,"column":24},"end":{"line":379,"column":34}},"89":{"start":{"line":380,"column":20},"end":{"line":380,"column":42}},"90":{"start":{"line":381,"column":20},"end":{"line":381,"column":27}}},"branchMap":{"1":{"line":22,"type":"if","locations":[{"start":{"line":22,"column":12},"end":{"line":22,"column":12}},{"start":{"line":22,"column":12},"end":{"line":22,"column":12}}]},"2":{"line":44,"type":"if","locations":[{"start":{"line":44,"column":12},"end":{"line":44,"column":12}},{"start":{"line":44,"column":12},"end":{"line":44,"column":12}}]},"3":{"line":46,"type":"if","locations":[{"start":{"line":46,"column":16},"end":{"line":46,"column":16}},{"start":{"line":46,"column":16},"end":{"line":46,"column":16}}]},"4":{"line":59,"type":"if","locations":[{"start":{"line":59,"column":22},"end":{"line":59,"column":22}},{"start":{"line":59,"column":22},"end":{"line":59,"column":22}}]},"5":{"line":73,"type":"if","locations":[{"start":{"line":73,"column":18},"end":{"line":73,"column":18}},{"start":{"line":73,"column":18},"end":{"line":73,"column":18}}]},"6":{"line":76,"type":"if","locations":[{"start":{"line":76,"column":16},"end":{"line":76,"column":16}},{"start":{"line":76,"column":16},"end":{"line":76,"column":16}}]},"7":{"line":80,"type":"if","locations":[{"start":{"line":80,"column":22},"end":{"line":80,"column":22}},{"start":{"line":80,"column":22},"end":{"line":80,"column":22}}]},"8":{"line":86,"type":"if","locations":[{"start":{"line":86,"column":16},"end":{"line":86,"column":16}},{"start":{"line":86,"column":16},"end":{"line":86,"column":16}}]},"9":{"line":116,"type":"if","locations":[{"start":{"line":116,"column":8},"end":{"line":116,"column":8}},{"start":{"line":116,"column":8},"end":{"line":116,"column":8}}]},"10":{"line":155,"type":"if","locations":[{"start":{"line":155,"column":16},"end":{"line":155,"column":16}},{"start":{"line":155,"column":16},"end":{"line":155,"column":16}}]},"11":{"line":160,"type":"binary-expr","locations":[{"start":{"line":160,"column":29},"end":{"line":160,"column":35}},{"start":{"line":160,"column":39},"end":{"line":160,"column":43}}]},"12":{"line":187,"type":"if","locations":[{"start":{"line":187,"column":16},"end":{"line":187,"column":16}},{"start":{"line":187,"column":16},"end":{"line":187,"column":16}}]},"13":{"line":192,"type":"binary-expr","locations":[{"start":{"line":192,"column":29},"end":{"line":192,"column":38}},{"start":{"line":192,"column":42},"end":{"line":192,"column":46}}]},"14":{"line":210,"type":"if","locations":[{"start":{"line":210,"column":8},"end":{"line":210,"column":8}},{"start":{"line":210,"column":8},"end":{"line":210,"column":8}}]},"15":{"line":210,"type":"binary-expr","locations":[{"start":{"line":210,"column":11},"end":{"line":210,"column":24}},{"start":{"line":210,"column":28},"end":{"line":210,"column":45}},{"start":{"line":210,"column":49},"end":{"line":210,"column":67}},{"start":{"line":210,"column":71},"end":{"line":210,"column":90}}]},"16":{"line":267,"type":"if","locations":[{"start":{"line":267,"column":16},"end":{"line":267,"column":16}},{"start":{"line":267,"column":16},"end":{"line":267,"column":16}}]},"17":{"line":340,"type":"if","locations":[{"start":{"line":340,"column":16},"end":{"line":340,"column":16}},{"start":{"line":340,"column":16},"end":{"line":340,"column":16}}]},"18":{"line":343,"type":"binary-expr","locations":[{"start":{"line":343,"column":29},"end":{"line":343,"column":38}},{"start":{"line":343,"column":42},"end":{"line":343,"column":46}}]},"19":{"line":368,"type":"if","locations":[{"start":{"line":368,"column":8},"end":{"line":368,"column":8}},{"start":{"line":368,"column":8},"end":{"line":368,"column":8}}]},"20":{"line":378,"type":"if","locations":[{"start":{"line":378,"column":20},"end":{"line":378,"column":20}},{"start":{"line":378,"column":20},"end":{"line":378,"column":20}}]}}},"/Users/gmanzoli/repos/pragmaSrc/Premi/app/controllers/users/AuthenticationController.js":{"path":"/Users/gmanzoli/repos/pragmaSrc/Premi/app/controllers/users/AuthenticationController.js","s":{"1":1,"2":1,"3":11,"4":11,"5":11,"6":4,"7":7,"8":6,"9":0,"10":0,"11":6,"12":1,"13":4,"14":4,"15":3,"16":3,"17":3,"18":3,"19":3,"20":1,"21":1,"22":0,"23":0,"24":1,"25":1,"26":1,"27":1},"b":{"1":[4,7],"2":[0,6],"3":[3,1],"4":[4,4],"5":[3,0],"6":[0,1]},"f":{"1":11,"2":11,"3":6,"4":4,"5":4,"6":1,"7":1},"fnMap":{"1":{"name":"(anonymous_1)","line":30,"loc":{"start":{"line":30,"column":17},"end":{"line":31,"column":0}}},"2":{"name":"(anonymous_2)","line":34,"loc":{"start":{"line":34,"column":11},"end":{"line":35,"column":1}}},"3":{"name":"(anonymous_3)","line":42,"loc":{"start":{"line":42,"column":4},"end":{"line":43,"column":4}}},"4":{"name":"(anonymous_4)","line":68,"loc":{"start":{"line":68,"column":17},"end":{"line":69,"column":0}}},"5":{"name":"(anonymous_5)","line":70,"loc":{"start":{"line":70,"column":32},"end":{"line":71,"column":1}}},"6":{"name":"(anonymous_6)","line":82,"loc":{"start":{"line":82,"column":19},"end":{"line":83,"column":3}}},"7":{"name":"(anonymous_7)","line":106,"loc":{"start":{"line":106,"column":18},"end":{"line":107,"column":0}}}},"statementMap":{"1":{"start":{"line":14,"column":0},"end":{"line":18,"column":31}},"2":{"start":{"line":30,"column":0},"end":{"line":56,"column":2}},"3":{"start":{"line":32,"column":1},"end":{"line":32,"column":31}},"4":{"start":{"line":34,"column":1},"end":{"line":55,"column":4}},"5":{"start":{"line":36,"column":2},"end":{"line":54,"column":3}},"6":{"start":{"line":37,"column":3},"end":{"line":37,"column":20}},"7":{"start":{"line":41,"column":3},"end":{"line":53,"column":7}},"8":{"start":{"line":44,"column":5},"end":{"line":52,"column":6}},"9":{"start":{"line":46,"column":6},"end":{"line":46,"column":21}},"10":{"start":{"line":47,"column":6},"end":{"line":47,"column":16}},"11":{"start":{"line":51,"column":6},"end":{"line":51,"column":33}},"12":{"start":{"line":68,"column":0},"end":{"line":96,"column":2}},"13":{"start":{"line":70,"column":1},"end":{"line":95,"column":20}},"14":{"start":{"line":72,"column":2},"end":{"line":94,"column":3}},"15":{"start":{"line":74,"column":3},"end":{"line":75,"column":12}},"16":{"start":{"line":75,"column":4},"end":{"line":75,"column":12}},"17":{"start":{"line":76,"column":3},"end":{"line":76,"column":18}},"18":{"start":{"line":77,"column":3},"end":{"line":77,"column":29}},"19":{"start":{"line":78,"column":3},"end":{"line":78,"column":13}},"20":{"start":{"line":82,"column":3},"end":{"line":93,"column":6}},"21":{"start":{"line":84,"column":4},"end":{"line":92,"column":5}},"22":{"start":{"line":86,"column":5},"end":{"line":86,"column":20}},"23":{"start":{"line":87,"column":5},"end":{"line":87,"column":15}},"24":{"start":{"line":91,"column":5},"end":{"line":91,"column":32}},"25":{"start":{"line":106,"column":0},"end":{"line":110,"column":2}},"26":{"start":{"line":108,"column":1},"end":{"line":108,"column":14}},"27":{"start":{"line":109,"column":1},"end":{"line":109,"column":27}}},"branchMap":{"1":{"line":36,"type":"if","locations":[{"start":{"line":36,"column":2},"end":{"line":36,"column":2}},{"start":{"line":36,"column":2},"end":{"line":36,"column":2}}]},"2":{"line":44,"type":"if","locations":[{"start":{"line":44,"column":5},"end":{"line":44,"column":5}},{"start":{"line":44,"column":5},"end":{"line":44,"column":5}}]},"3":{"line":72,"type":"if","locations":[{"start":{"line":72,"column":2},"end":{"line":72,"column":2}},{"start":{"line":72,"column":2},"end":{"line":72,"column":2}}]},"4":{"line":72,"type":"binary-expr","locations":[{"start":{"line":72,"column":6},"end":{"line":72,"column":9}},{"start":{"line":72,"column":13},"end":{"line":72,"column":18}}]},"5":{"line":74,"type":"if","locations":[{"start":{"line":74,"column":3},"end":{"line":74,"column":3}},{"start":{"line":74,"column":3},"end":{"line":74,"column":3}}]},"6":{"line":84,"type":"if","locations":[{"start":{"line":84,"column":4},"end":{"line":84,"column":4}},{"start":{"line":84,"column":4},"end":{"line":84,"column":4}}]}}},"/Users/gmanzoli/repos/pragmaSrc/Premi/app/controllers/users/AuthorizationController.js":{"path":"/Users/gmanzoli/repos/pragmaSrc/Premi/app/controllers/users/AuthorizationController.js","s":{"1":1,"2":1,"3":29,"4":29,"5":4,"6":4,"7":25},"b":{"1":[4,25]},"f":{"1":29},"fnMap":{"1":{"name":"(anonymous_1)","line":28,"loc":{"start":{"line":28,"column":24},"end":{"line":28,"column":49}}}},"statementMap":{"1":{"start":{"line":10,"column":0},"end":{"line":13,"column":31}},"2":{"start":{"line":28,"column":0},"end":{"line":36,"column":2}},"3":{"start":{"line":29,"column":1},"end":{"line":29,"column":13}},"4":{"start":{"line":30,"column":1},"end":{"line":35,"column":9}},"5":{"start":{"line":31,"column":2},"end":{"line":31,"column":16}},"6":{"start":{"line":32,"column":2},"end":{"line":32,"column":19}},"7":{"start":{"line":35,"column":2},"end":{"line":35,"column":9}}},"branchMap":{"1":{"line":30,"type":"if","locations":[{"start":{"line":30,"column":1},"end":{"line":30,"column":1}},{"start":{"line":30,"column":1},"end":{"line":30,"column":1}}]}}},"/Users/gmanzoli/repos/pragmaSrc/Premi/app/routers/ProjectRouter.js":{"path":"/Users/gmanzoli/repos/pragmaSrc/Premi/app/routers/ProjectRouter.js","s":{"1":1,"2":3,"3":3,"4":3,"5":3,"6":3,"7":3,"8":3,"9":3,"10":3,"11":3,"12":3,"13":3,"14":3,"15":3,"16":3,"17":3,"18":3,"19":3,"20":3,"21":3,"22":3,"23":3,"24":3,"25":3},"b":{},"f":{"1":3},"fnMap":{"1":{"name":"(anonymous_1)","line":21,"loc":{"start":{"line":21,"column":17},"end":{"line":22,"column":0}}}},"statementMap":{"1":{"start":{"line":21,"column":0},"end":{"line":58,"column":2}},"2":{"start":{"line":23,"column":4},"end":{"line":23,"column":63}},"3":{"start":{"line":24,"column":4},"end":{"line":24,"column":57}},"4":{"start":{"line":28,"column":4},"end":{"line":28,"column":73}},"5":{"start":{"line":29,"column":4},"end":{"line":29,"column":77}},"6":{"start":{"line":30,"column":4},"end":{"line":30,"column":84}},"7":{"start":{"line":31,"column":4},"end":{"line":31,"column":87}},"8":{"start":{"line":32,"column":4},"end":{"line":32,"column":90}},"9":{"start":{"line":33,"column":4},"end":{"line":33,"column":103}},"10":{"start":{"line":34,"column":4},"end":{"line":34,"column":91}},"11":{"start":{"line":37,"column":4},"end":{"line":37,"column":95}},"12":{"start":{"line":38,"column":4},"end":{"line":38,"column":98}},"13":{"start":{"line":39,"column":4},"end":{"line":39,"column":101}},"14":{"start":{"line":41,"column":4},"end":{"line":41,"column":102}},"15":{"start":{"line":42,"column":4},"end":{"line":43,"column":32}},"16":{"start":{"line":46,"column":4},"end":{"line":46,"column":88}},"17":{"start":{"line":47,"column":4},"end":{"line":47,"column":110}},"18":{"start":{"line":48,"column":4},"end":{"line":48,"column":95}},"19":{"start":{"line":49,"column":4},"end":{"line":49,"column":98}},"20":{"start":{"line":50,"column":4},"end":{"line":50,"column":101}},"21":{"start":{"line":51,"column":4},"end":{"line":51,"column":117}},"22":{"start":{"line":54,"column":4},"end":{"line":54,"column":49}},"23":{"start":{"line":55,"column":4},"end":{"line":55,"column":42}},"24":{"start":{"line":56,"column":4},"end":{"line":56,"column":42}},"25":{"start":{"line":57,"column":4},"end":{"line":57,"column":56}}},"branchMap":{}},"/Users/gmanzoli/repos/pragmaSrc/Premi/app/routers/StaticRouter.js":{"path":"/Users/gmanzoli/repos/pragmaSrc/Premi/app/routers/StaticRouter.js","s":{"1":1,"2":3,"3":3},"b":{},"f":{"1":3},"fnMap":{"1":{"name":"(anonymous_1)","line":18,"loc":{"start":{"line":18,"column":17},"end":{"line":19,"column":0}}}},"statementMap":{"1":{"start":{"line":18,"column":0},"end":{"line":25,"column":2}},"2":{"start":{"line":21,"column":4},"end":{"line":21,"column":63}},"3":{"start":{"line":24,"column":4},"end":{"line":24,"column":64}}},"branchMap":{}},"/Users/gmanzoli/repos/pragmaSrc/Premi/app/routers/UserRouter.js":{"path":"/Users/gmanzoli/repos/pragmaSrc/Premi/app/routers/UserRouter.js","s":{"1":1,"2":3,"3":3,"4":3,"5":3},"b":{},"f":{"1":3},"fnMap":{"1":{"name":"(anonymous_1)","line":18,"loc":{"start":{"line":18,"column":17},"end":{"line":19,"column":0}}}},"statementMap":{"1":{"start":{"line":18,"column":0},"end":{"line":26,"column":2}},"2":{"start":{"line":20,"column":1},"end":{"line":20,"column":54}},"3":{"start":{"line":23,"column":1},"end":{"line":23,"column":41}},"4":{"start":{"line":24,"column":1},"end":{"line":24,"column":40}},"5":{"start":{"line":25,"column":1},"end":{"line":25,"column":61}}},"branchMap":{}},"/Users/gmanzoli/repos/pragmaSrc/Premi/server.js":{"path":"/Users/gmanzoli/repos/pragmaSrc/Premi/server.js","s":{"1":1,"2":1,"3":1,"4":0,"5":0,"6":1,"7":1,"8":1,"9":1,"10":1},"b":{"1":[0,1]},"f":{"1":1},"fnMap":{"1":{"name":"(anonymous_1)","line":22,"loc":{"start":{"line":22,"column":37},"end":{"line":22,"column":51}}}},"statementMap":{"1":{"start":{"line":11,"column":0},"end":{"line":14,"column":26}},"2":{"start":{"line":22,"column":0},"end":{"line":27,"column":3}},"3":{"start":{"line":23,"column":1},"end":{"line":26,"column":2}},"4":{"start":{"line":24,"column":2},"end":{"line":24,"column":60}},"5":{"start":{"line":25,"column":2},"end":{"line":25,"column":30}},"6":{"start":{"line":30,"column":0},"end":{"line":30,"column":42}},"7":{"start":{"line":33,"column":0},"end":{"line":33,"column":31}},"8":{"start":{"line":36,"column":0},"end":{"line":36,"column":24}},"9":{"start":{"line":39,"column":0},"end":{"line":39,"column":31}},"10":{"start":{"line":42,"column":0},"end":{"line":42,"column":68}}},"branchMap":{"1":{"line":23,"type":"if","locations":[{"start":{"line":23,"column":1},"end":{"line":23,"column":1}},{"start":{"line":23,"column":1},"end":{"line":23,"column":1}}]}}},"/Users/gmanzoli/repos/pragmaSrc/Premi/config/init.js":{"path":"/Users/gmanzoli/repos/pragmaSrc/Premi/config/init.js","s":{"1":1,"2":1,"3":2,"4":2,"5":1,"6":0,"7":1,"8":1,"9":1},"b":{"1":[1,1],"2":[0,1]},"f":{"1":2,"2":2},"fnMap":{"1":{"name":"(anonymous_1)","line":12,"loc":{"start":{"line":12,"column":17},"end":{"line":12,"column":28}}},"2":{"name":"(anonymous_2)","line":19,"loc":{"start":{"line":19,"column":4},"end":{"line":19,"column":36}}}},"statementMap":{"1":{"start":{"line":6,"column":0},"end":{"line":7,"column":26}},"2":{"start":{"line":12,"column":0},"end":{"line":33,"column":2}},"3":{"start":{"line":17,"column":1},"end":{"line":31,"column":4}},"4":{"start":{"line":20,"column":2},"end":{"line":30,"column":3}},"5":{"start":{"line":21,"column":3},"end":{"line":25,"column":4}},"6":{"start":{"line":22,"column":4},"end":{"line":22,"column":133}},"7":{"start":{"line":24,"column":4},"end":{"line":24,"column":95}},"8":{"start":{"line":27,"column":3},"end":{"line":27,"column":40}},"9":{"start":{"line":29,"column":3},"end":{"line":29,"column":125}}},"branchMap":{"1":{"line":20,"type":"if","locations":[{"start":{"line":20,"column":2},"end":{"line":20,"column":2}},{"start":{"line":20,"column":2},"end":{"line":20,"column":2}}]},"2":{"line":21,"type":"if","locations":[{"start":{"line":21,"column":3},"end":{"line":21,"column":3}},{"start":{"line":21,"column":3},"end":{"line":21,"column":3}}]}}},"/Users/gmanzoli/repos/pragmaSrc/Premi/config/config.js":{"path":"/Users/gmanzoli/repos/pragmaSrc/Premi/config/config.js","s":{"1":1,"2":1,"3":1,"4":44,"5":44,"6":44,"7":44,"8":4,"9":34,"10":40,"11":40,"12":0,"13":40,"14":40,"15":34,"16":90,"17":40,"18":44,"19":1,"20":2,"21":2,"22":0,"23":2,"24":1,"25":2,"26":2},"b":{"1":[1,0],"2":[4,40],"3":[40,0],"4":[0,40],"5":[34,6],"6":[0,2]},"f":{"1":44,"2":34,"3":40,"4":90,"5":2,"6":2},"fnMap":{"1":{"name":"(anonymous_1)","line":24,"loc":{"start":{"line":24,"column":33},"end":{"line":24,"column":68}}},"2":{"name":"(anonymous_2)","line":36,"loc":{"start":{"line":36,"column":23},"end":{"line":36,"column":45}}},"3":{"name":"(anonymous_3)","line":45,"loc":{"start":{"line":45,"column":6},"end":{"line":45,"column":27}}},"4":{"name":"(anonymous_4)","line":47,"loc":{"start":{"line":47,"column":23},"end":{"line":47,"column":38}}},"5":{"name":"(anonymous_5)","line":63,"loc":{"start":{"line":63,"column":37},"end":{"line":63,"column":60}}},"6":{"name":"(anonymous_6)","line":77,"loc":{"start":{"line":77,"column":30},"end":{"line":77,"column":41}}}},"statementMap":{"1":{"start":{"line":10,"column":0},"end":{"line":11,"column":24}},"2":{"start":{"line":16,"column":0},"end":{"line":19,"column":2}},"3":{"start":{"line":24,"column":0},"end":{"line":58,"column":2}},"4":{"start":{"line":26,"column":1},"end":{"line":26,"column":18}},"5":{"start":{"line":29,"column":1},"end":{"line":29,"column":53}},"6":{"start":{"line":32,"column":1},"end":{"line":32,"column":17}},"7":{"start":{"line":35,"column":1},"end":{"line":55,"column":2}},"8":{"start":{"line":36,"column":2},"end":{"line":38,"column":5}},"9":{"start":{"line":37,"column":3},"end":{"line":37,"column":76}},"10":{"start":{"line":39,"column":8},"end":{"line":55,"column":2}},"11":{"start":{"line":40,"column":2},"end":{"line":54,"column":3}},"12":{"start":{"line":41,"column":3},"end":{"line":41,"column":29}},"13":{"start":{"line":43,"column":3},"end":{"line":53,"column":6}},"14":{"start":{"line":46,"column":4},"end":{"line":50,"column":5}},"15":{"start":{"line":47,"column":5},"end":{"line":49,"column":8}},"16":{"start":{"line":48,"column":6},"end":{"line":48,"column":42}},"17":{"start":{"line":52,"column":4},"end":{"line":52,"column":36}},"18":{"start":{"line":57,"column":1},"end":{"line":57,"column":15}},"19":{"start":{"line":63,"column":0},"end":{"line":72,"column":2}},"20":{"start":{"line":64,"column":1},"end":{"line":64,"column":89}},"21":{"start":{"line":67,"column":1},"end":{"line":69,"column":2}},"22":{"start":{"line":68,"column":2},"end":{"line":68,"column":68}},"23":{"start":{"line":71,"column":1},"end":{"line":71,"column":15}},"24":{"start":{"line":77,"column":0},"end":{"line":80,"column":2}},"25":{"start":{"line":78,"column":1},"end":{"line":78,"column":91}},"26":{"start":{"line":79,"column":1},"end":{"line":79,"column":15}}},"branchMap":{"1":{"line":18,"type":"binary-expr","locations":[{"start":{"line":18,"column":1},"end":{"line":18,"column":41}},{"start":{"line":18,"column":45},"end":{"line":18,"column":47}}]},"2":{"line":35,"type":"if","locations":[{"start":{"line":35,"column":1},"end":{"line":35,"column":1}},{"start":{"line":35,"column":1},"end":{"line":35,"column":1}}]},"3":{"line":39,"type":"if","locations":[{"start":{"line":39,"column":8},"end":{"line":39,"column":8}},{"start":{"line":39,"column":8},"end":{"line":39,"column":8}}]},"4":{"line":40,"type":"if","locations":[{"start":{"line":40,"column":2},"end":{"line":40,"column":2}},{"start":{"line":40,"column":2},"end":{"line":40,"column":2}}]},"5":{"line":46,"type":"if","locations":[{"start":{"line":46,"column":4},"end":{"line":46,"column":4}},{"start":{"line":46,"column":4},"end":{"line":46,"column":4}}]},"6":{"line":67,"type":"if","locations":[{"start":{"line":67,"column":1},"end":{"line":67,"column":1}},{"start":{"line":67,"column":1},"end":{"line":67,"column":1}}]}}},"/Users/gmanzoli/repos/pragmaSrc/Premi/config/env/all.js":{"path":"/Users/gmanzoli/repos/pragmaSrc/Premi/config/env/all.js","s":{"1":1},"b":{"1":[1,1]},"f":{},"fnMap":{},"statementMap":{"1":{"start":{"line":3,"column":0},"end":{"line":46,"column":2}}},"branchMap":{"1":{"line":9,"type":"binary-expr","locations":[{"start":{"line":9,"column":7},"end":{"line":9,"column":23}},{"start":{"line":9,"column":27},"end":{"line":9,"column":31}}]}}},"/Users/gmanzoli/repos/pragmaSrc/Premi/config/env/test.js":{"path":"/Users/gmanzoli/repos/pragmaSrc/Premi/config/env/test.js","s":{"1":1},"b":{"1":[1,1],"2":[1,1],"3":[1,1],"4":[1,1],"5":[1,1],"6":[1,1],"7":[1,1],"8":[1,1],"9":[1,1],"10":[1,1],"11":[1,1],"12":[1,1],"13":[1,1],"14":[1,1]},"f":{},"fnMap":{},"statementMap":{"1":{"start":{"line":3,"column":0},"end":{"line":44,"column":2}}},"branchMap":{"1":{"line":10,"type":"binary-expr","locations":[{"start":{"line":10,"column":12},"end":{"line":10,"column":35}},{"start":{"line":10,"column":39},"end":{"line":10,"column":47}}]},"2":{"line":11,"type":"binary-expr","locations":[{"start":{"line":11,"column":16},"end":{"line":11,"column":43}},{"start":{"line":11,"column":47},"end":{"line":11,"column":59}}]},"3":{"line":15,"type":"binary-expr","locations":[{"start":{"line":15,"column":12},"end":{"line":15,"column":35}},{"start":{"line":15,"column":39},"end":{"line":15,"column":53}}]},"4":{"line":16,"type":"binary-expr","locations":[{"start":{"line":16,"column":16},"end":{"line":16,"column":42}},{"start":{"line":16,"column":46},"end":{"line":16,"column":63}}]},"5":{"line":20,"type":"binary-expr","locations":[{"start":{"line":20,"column":12},"end":{"line":20,"column":33}},{"start":{"line":20,"column":37},"end":{"line":20,"column":45}}]},"6":{"line":21,"type":"binary-expr","locations":[{"start":{"line":21,"column":16},"end":{"line":21,"column":41}},{"start":{"line":21,"column":45},"end":{"line":21,"column":57}}]},"7":{"line":25,"type":"binary-expr","locations":[{"start":{"line":25,"column":12},"end":{"line":25,"column":35}},{"start":{"line":25,"column":39},"end":{"line":25,"column":47}}]},"8":{"line":26,"type":"binary-expr","locations":[{"start":{"line":26,"column":16},"end":{"line":26,"column":43}},{"start":{"line":26,"column":47},"end":{"line":26,"column":59}}]},"9":{"line":30,"type":"binary-expr","locations":[{"start":{"line":30,"column":12},"end":{"line":30,"column":33}},{"start":{"line":30,"column":37},"end":{"line":30,"column":45}}]},"10":{"line":31,"type":"binary-expr","locations":[{"start":{"line":31,"column":16},"end":{"line":31,"column":41}},{"start":{"line":31,"column":45},"end":{"line":31,"column":57}}]},"11":{"line":35,"type":"binary-expr","locations":[{"start":{"line":35,"column":8},"end":{"line":35,"column":31}},{"start":{"line":35,"column":35},"end":{"line":35,"column":48}}]},"12":{"line":37,"type":"binary-expr","locations":[{"start":{"line":37,"column":12},"end":{"line":37,"column":47}},{"start":{"line":37,"column":51},"end":{"line":37,"column":76}}]},"13":{"line":39,"type":"binary-expr","locations":[{"start":{"line":39,"column":10},"end":{"line":39,"column":37}},{"start":{"line":39,"column":41},"end":{"line":39,"column":58}}]},"14":{"line":40,"type":"binary-expr","locations":[{"start":{"line":40,"column":10},"end":{"line":40,"column":37}},{"start":{"line":40,"column":41},"end":{"line":40,"column":58}}]}}},"/Users/gmanzoli/repos/pragmaSrc/Premi/config/express.js":{"path":"/Users/gmanzoli/repos/pragmaSrc/Premi/config/express.js","s":{"1":1,"2":1,"3":2,"4":2,"5":12,"6":2,"7":2,"8":2,"9":2,"10":2,"11":2,"12":37,"13":37,"14":2,"15":37,"16":2,"17":2,"18":1,"19":1,"20":2,"21":2,"22":2,"23":2,"24":2,"25":2,"26":2,"27":2,"28":2,"29":2,"30":2,"31":2,"32":2,"33":2,"34":2,"35":2,"36":6,"37":2,"38":4,"39":2,"40":1,"41":2},"b":{"1":[1,1]},"f":{"1":2,"2":12,"3":37,"4":37,"5":6,"6":4,"7":1},"fnMap":{"1":{"name":"(anonymous_1)","line":34,"loc":{"start":{"line":34,"column":17},"end":{"line":34,"column":30}}},"2":{"name":"(anonymous_2)","line":39,"loc":{"start":{"line":39,"column":56},"end":{"line":39,"column":76}}},"3":{"name":"(anonymous_3)","line":52,"loc":{"start":{"line":52,"column":9},"end":{"line":52,"column":34}}},"4":{"name":"(anonymous_4)","line":59,"loc":{"start":{"line":59,"column":10},"end":{"line":59,"column":29}}},"5":{"name":"(anonymous_5)","line":118,"loc":{"start":{"line":118,"column":57},"end":{"line":118,"column":77}}},"6":{"name":"(anonymous_6)","line":123,"loc":{"start":{"line":123,"column":2},"end":{"line":124,"column":2}}},"7":{"name":"(anonymous_7)","line":131,"loc":{"start":{"line":131,"column":2},"end":{"line":132,"column":2}}}},"statementMap":{"1":{"start":{"line":12,"column":0},"end":{"line":32,"column":65}},"2":{"start":{"line":34,"column":0},"end":{"line":140,"column":2}},"3":{"start":{"line":36,"column":1},"end":{"line":36,"column":21}},"4":{"start":{"line":39,"column":1},"end":{"line":41,"column":4}},"5":{"start":{"line":40,"column":2},"end":{"line":40,"column":35}},"6":{"start":{"line":44,"column":1},"end":{"line":44,"column":37}},"7":{"start":{"line":45,"column":1},"end":{"line":45,"column":49}},"8":{"start":{"line":46,"column":1},"end":{"line":46,"column":43}},"9":{"start":{"line":48,"column":1},"end":{"line":48,"column":51}},"10":{"start":{"line":49,"column":1},"end":{"line":49,"column":45}},"11":{"start":{"line":52,"column":1},"end":{"line":55,"column":4}},"12":{"start":{"line":53,"column":2},"end":{"line":53,"column":69}},"13":{"start":{"line":54,"column":2},"end":{"line":54,"column":9}},"14":{"start":{"line":58,"column":1},"end":{"line":63,"column":5}},"15":{"start":{"line":60,"column":3},"end":{"line":60,"column":75}},"16":{"start":{"line":66,"column":1},"end":{"line":66,"column":33}},"17":{"start":{"line":70,"column":1},"end":{"line":76,"column":2}},"18":{"start":{"line":72,"column":2},"end":{"line":72,"column":25}},"19":{"start":{"line":75,"column":2},"end":{"line":75,"column":31}},"20":{"start":{"line":79,"column":1},"end":{"line":81,"column":5}},"21":{"start":{"line":82,"column":1},"end":{"line":82,"column":28}},"22":{"start":{"line":83,"column":1},"end":{"line":83,"column":27}},"23":{"start":{"line":86,"column":1},"end":{"line":86,"column":25}},"24":{"start":{"line":89,"column":1},"end":{"line":97,"column":5}},"25":{"start":{"line":100,"column":1},"end":{"line":100,"column":32}},"26":{"start":{"line":101,"column":1},"end":{"line":101,"column":29}},"27":{"start":{"line":104,"column":1},"end":{"line":104,"column":18}},"28":{"start":{"line":107,"column":1},"end":{"line":107,"column":26}},"29":{"start":{"line":108,"column":1},"end":{"line":108,"column":29}},"30":{"start":{"line":109,"column":1},"end":{"line":109,"column":27}},"31":{"start":{"line":110,"column":1},"end":{"line":110,"column":28}},"32":{"start":{"line":111,"column":1},"end":{"line":111,"column":29}},"33":{"start":{"line":114,"column":1},"end":{"line":114,"column":66}},"34":{"start":{"line":115,"column":1},"end":{"line":115,"column":78}},"35":{"start":{"line":118,"column":1},"end":{"line":120,"column":4}},"36":{"start":{"line":119,"column":2},"end":{"line":119,"column":40}},"37":{"start":{"line":122,"column":1},"end":{"line":127,"column":3}},"38":{"start":{"line":125,"column":3},"end":{"line":125,"column":41}},"39":{"start":{"line":130,"column":1},"end":{"line":135,"column":3}},"40":{"start":{"line":133,"column":3},"end":{"line":133,"column":35}},"41":{"start":{"line":139,"column":1},"end":{"line":139,"column":12}}},"branchMap":{"1":{"line":70,"type":"if","locations":[{"start":{"line":70,"column":1},"end":{"line":70,"column":1}},{"start":{"line":70,"column":1},"end":{"line":70,"column":1}}]}}},"/Users/gmanzoli/repos/pragmaSrc/Premi/app/controllers/ErrorHandler.js":{"path":"/Users/gmanzoli/repos/pragmaSrc/Premi/app/controllers/ErrorHandler.js","s":{"1":1,"2":1,"3":5,"4":5,"5":5,"6":5,"7":0,"8":0,"9":0,"10":5,"11":5,"12":4,"13":1,"14":0,"15":0,"16":0,"17":0,"18":0,"19":5,"20":1,"21":7,"22":1,"23":6,"24":1,"25":5,"26":5,"27":5},"b":{"1":[5,0],"2":[5,5],"3":[0,5],"4":[4,1],"5":[0,0],"6":[1,6],"7":[1,5]},"f":{"1":5,"2":7},"fnMap":{"1":{"name":"buildError","line":23,"loc":{"start":{"line":23,"column":0},"end":{"line":24,"column":0}}},"2":{"name":"(anonymous_2)","line":76,"loc":{"start":{"line":76,"column":1},"end":{"line":77,"column":1}}}},"statementMap":{"1":{"start":{"line":13,"column":0},"end":{"line":21,"column":3}},"2":{"start":{"line":23,"column":0},"end":{"line":61,"column":1}},"3":{"start":{"line":25,"column":1},"end":{"line":25,"column":13}},"4":{"start":{"line":26,"column":1},"end":{"line":59,"column":2}},"5":{"start":{"line":28,"column":2},"end":{"line":28,"column":24}},"6":{"start":{"line":30,"column":2},"end":{"line":46,"column":3}},"7":{"start":{"line":32,"column":3},"end":{"line":32,"column":72}},"8":{"start":{"line":33,"column":3},"end":{"line":33,"column":42}},"9":{"start":{"line":34,"column":3},"end":{"line":34,"column":77}},"10":{"start":{"line":38,"column":3},"end":{"line":38,"column":41}},"11":{"start":{"line":39,"column":3},"end":{"line":45,"column":4}},"12":{"start":{"line":40,"column":4},"end":{"line":40,"column":44}},"13":{"start":{"line":44,"column":4},"end":{"line":44,"column":32}},"14":{"start":{"line":50,"column":2},"end":{"line":50,"column":17}},"15":{"start":{"line":51,"column":2},"end":{"line":51,"column":35}},"16":{"start":{"line":52,"column":2},"end":{"line":58,"column":3}},"17":{"start":{"line":54,"column":3},"end":{"line":57,"column":4}},"18":{"start":{"line":56,"column":4},"end":{"line":56,"column":48}},"19":{"start":{"line":60,"column":1},"end":{"line":60,"column":12}},"20":{"start":{"line":75,"column":0},"end":{"line":97,"column":3}},"21":{"start":{"line":78,"column":2},"end":{"line":81,"column":3}},"22":{"start":{"line":80,"column":3},"end":{"line":80,"column":17}},"23":{"start":{"line":82,"column":2},"end":{"line":96,"column":3}},"24":{"start":{"line":84,"column":3},"end":{"line":84,"column":38}},"25":{"start":{"line":88,"column":3},"end":{"line":88,"column":28}},"26":{"start":{"line":89,"column":3},"end":{"line":89,"column":24}},"27":{"start":{"line":91,"column":3},"end":{"line":95,"column":6}}},"branchMap":{"1":{"line":26,"type":"if","locations":[{"start":{"line":26,"column":1},"end":{"line":26,"column":1}},{"start":{"line":26,"column":1},"end":{"line":26,"column":1}}]},"2":{"line":26,"type":"binary-expr","locations":[{"start":{"line":26,"column":4},"end":{"line":26,"column":14}},{"start":{"line":26,"column":18},"end":{"line":26,"column":53}}]},"3":{"line":30,"type":"if","locations":[{"start":{"line":30,"column":2},"end":{"line":30,"column":2}},{"start":{"line":30,"column":2},"end":{"line":30,"column":2}}]},"4":{"line":39,"type":"if","locations":[{"start":{"line":39,"column":3},"end":{"line":39,"column":3}},{"start":{"line":39,"column":3},"end":{"line":39,"column":3}}]},"5":{"line":54,"type":"if","locations":[{"start":{"line":54,"column":3},"end":{"line":54,"column":3}},{"start":{"line":54,"column":3},"end":{"line":54,"column":3}}]},"6":{"line":78,"type":"if","locations":[{"start":{"line":78,"column":2},"end":{"line":78,"column":2}},{"start":{"line":78,"column":2},"end":{"line":78,"column":2}}]},"7":{"line":82,"type":"if","locations":[{"start":{"line":82,"column":2},"end":{"line":82,"column":2}},{"start":{"line":82,"column":2},"end":{"line":82,"column":2}}]}}},"/Users/gmanzoli/repos/pragmaSrc/Premi/app/controllers/NotFoundHandler.js":{"path":"/Users/gmanzoli/repos/pragmaSrc/Premi/app/controllers/NotFoundHandler.js","s":{"1":1,"2":2,"3":2},"b":{},"f":{"1":2},"fnMap":{"1":{"name":"(anonymous_1)","line":20,"loc":{"start":{"line":20,"column":4},"end":{"line":21,"column":4}}}},"statementMap":{"1":{"start":{"line":19,"column":0},"end":{"line":28,"column":6}},"2":{"start":{"line":22,"column":8},"end":{"line":22,"column":68}},"3":{"start":{"line":23,"column":8},"end":{"line":27,"column":11}}},"branchMap":{}},"/Users/gmanzoli/repos/pragmaSrc/Premi/app/controllers/ProjectController.js":{"path":"/Users/gmanzoli/repos/pragmaSrc/Premi/app/controllers/ProjectController.js","s":{"1":1,"2":1},"b":{},"f":{},"fnMap":{},"statementMap":{"1":{"start":{"line":13,"column":0},"end":{"line":13,"column":26}},"2":{"start":{"line":15,"column":0},"end":{"line":19,"column":2}}},"branchMap":{}},"/Users/gmanzoli/repos/pragmaSrc/Premi/app/controllers/UserController.js":{"path":"/Users/gmanzoli/repos/pragmaSrc/Premi/app/controllers/UserController.js","s":{"1":1,"2":1},"b":{},"f":{},"fnMap":{},"statementMap":{"1":{"start":{"line":10,"column":0},"end":{"line":10,"column":26}},"2":{"start":{"line":12,"column":0},"end":{"line":15,"column":2}}},"branchMap":{}},"/Users/gmanzoli/repos/pragmaSrc/Premi/app/controllers/StaticController.js":{"path":"/Users/gmanzoli/repos/pragmaSrc/Premi/app/controllers/StaticController.js","s":{"1":1,"2":1,"3":2},"b":{},"f":{"1":2},"fnMap":{"1":{"name":"(anonymous_1)","line":20,"loc":{"start":{"line":20,"column":24},"end":{"line":21,"column":0}}}},"statementMap":{"1":{"start":{"line":10,"column":0},"end":{"line":10,"column":27}},"2":{"start":{"line":20,"column":0},"end":{"line":23,"column":2}},"3":{"start":{"line":22,"column":4},"end":{"line":22,"column":60}}},"branchMap":{}},"/Users/gmanzoli/repos/pragmaSrc/Premi/config/passport.js":{"path":"/Users/gmanzoli/repos/pragmaSrc/Premi/config/passport.js","s":{"1":1,"2":1,"3":2,"4":7,"5":2,"6":24,"7":24,"8":2,"9":2},"b":{},"f":{"1":2,"2":7,"3":24,"4":24,"5":2},"fnMap":{"1":{"name":"(anonymous_1)","line":14,"loc":{"start":{"line":14,"column":17},"end":{"line":14,"column":28}}},"2":{"name":"(anonymous_2)","line":16,"loc":{"start":{"line":16,"column":24},"end":{"line":16,"column":45}}},"3":{"name":"(anonymous_3)","line":21,"loc":{"start":{"line":21,"column":26},"end":{"line":21,"column":45}}},"4":{"name":"(anonymous_4)","line":24,"loc":{"start":{"line":24,"column":24},"end":{"line":24,"column":44}}},"5":{"name":"(anonymous_5)","line":31,"loc":{"start":{"line":31,"column":67},"end":{"line":31,"column":86}}}},"statementMap":{"1":{"start":{"line":6,"column":0},"end":{"line":9,"column":30}},"2":{"start":{"line":14,"column":0},"end":{"line":34,"column":2}},"3":{"start":{"line":16,"column":1},"end":{"line":18,"column":4}},"4":{"start":{"line":17,"column":2},"end":{"line":17,"column":22}},"5":{"start":{"line":21,"column":1},"end":{"line":27,"column":4}},"6":{"start":{"line":22,"column":2},"end":{"line":26,"column":5}},"7":{"start":{"line":25,"column":3},"end":{"line":25,"column":19}},"8":{"start":{"line":31,"column":1},"end":{"line":33,"column":4}},"9":{"start":{"line":32,"column":2},"end":{"line":32,"column":36}}},"branchMap":{}},"/Users/gmanzoli/repos/pragmaSrc/Premi/config/strategies/local.js":{"path":"/Users/gmanzoli/repos/pragmaSrc/Premi/config/strategies/local.js","s":{"1":1,"2":1,"3":2,"4":4,"5":4,"6":0,"7":4,"8":3,"9":1,"10":0,"11":1},"b":{"1":[0,4],"2":[3,1],"3":[0,1]},"f":{"1":2,"2":4,"3":4},"fnMap":{"1":{"name":"(anonymous_1)","line":11,"loc":{"start":{"line":11,"column":17},"end":{"line":11,"column":28}}},"2":{"name":"(anonymous_2)","line":17,"loc":{"start":{"line":17,"column":2},"end":{"line":17,"column":37}}},"3":{"name":"(anonymous_3)","line":20,"loc":{"start":{"line":20,"column":6},"end":{"line":20,"column":26}}}},"statementMap":{"1":{"start":{"line":5,"column":0},"end":{"line":7,"column":42}},"2":{"start":{"line":11,"column":0},"end":{"line":40,"column":2}},"3":{"start":{"line":13,"column":1},"end":{"line":39,"column":4}},"4":{"start":{"line":18,"column":3},"end":{"line":37,"column":6}},"5":{"start":{"line":21,"column":4},"end":{"line":23,"column":5}},"6":{"start":{"line":22,"column":5},"end":{"line":22,"column":22}},"7":{"start":{"line":24,"column":4},"end":{"line":28,"column":5}},"8":{"start":{"line":25,"column":5},"end":{"line":27,"column":8}},"9":{"start":{"line":29,"column":4},"end":{"line":33,"column":5}},"10":{"start":{"line":30,"column":5},"end":{"line":32,"column":8}},"11":{"start":{"line":35,"column":4},"end":{"line":35,"column":28}}},"branchMap":{"1":{"line":21,"type":"if","locations":[{"start":{"line":21,"column":4},"end":{"line":21,"column":4}},{"start":{"line":21,"column":4},"end":{"line":21,"column":4}}]},"2":{"line":24,"type":"if","locations":[{"start":{"line":24,"column":4},"end":{"line":24,"column":4}},{"start":{"line":24,"column":4},"end":{"line":24,"column":4}}]},"3":{"line":29,"type":"if","locations":[{"start":{"line":29,"column":4},"end":{"line":29,"column":4}},{"start":{"line":29,"column":4},"end":{"line":29,"column":4}}]}}}}