TN:
SF:/Users/gmanzoli/repos/pragmaSrc/Premi/app/controllers/errors/PremiError.js
FN:70,(anonymous_1)
FN:109,(anonymous_2)
FN:128,(anonymous_3)
FNF:3
FNH:3
FNDA:23,(anonymous_1)
FNDA:2,(anonymous_2)
FNDA:1,(anonymous_3)
DA:27,1
DA:69,1
DA:72,23
DA:73,23
DA:75,22
DA:77,22
DA:79,1
DA:80,1
DA:81,1
DA:85,21
DA:86,21
DA:87,21
DA:92,1
DA:93,1
DA:94,1
DA:95,1
DA:96,1
DA:97,1
DA:108,1
DA:111,2
DA:117,2
DA:127,1
DA:130,1
DA:131,1
DA:132,1
DA:133,1
DA:134,1
DA:137,1
LF:28
LH:28
BRDA:73,1,0,22
BRDA:73,1,1,1
BRDA:77,2,0,1
BRDA:77,2,1,21
BRDA:93,3,0,1
BRDA:93,3,1,0
BRF:6
BRH:5
end_of_record
TN:
SF:/Users/gmanzoli/repos/pragmaSrc/Premi/app/models/ProjectModel.js
FN:61,(anonymous_1)
FN:72,(anonymous_2)
FN:78,(anonymous_3)
FN:85,(anonymous_4)
FN:111,(anonymous_5)
FN:117,(anonymous_6)
FN:137,(anonymous_7)
FN:142,(anonymous_8)
FN:162,(anonymous_9)
FN:167,(anonymous_10)
FN:187,(anonymous_11)
FN:192,(anonymous_12)
FN:213,(anonymous_13)
FN:237,(anonymous_14)
FN:243,(anonymous_15)
FN:250,(anonymous_16)
FN:259,(anonymous_17)
FN:269,(anonymous_18)
FN:273,(anonymous_19)
FN:283,(anonymous_20)
FN:294,(anonymous_21)
FN:309,deleteFromPaths
FN:312,(anonymous_23)
FN:327,recursiveDelete
FN:361,(anonymous_25)
FN:385,(anonymous_26)
FN:394,(anonymous_27)
FN:417,(anonymous_28)
FN:423,(anonymous_29)
FN:427,(anonymous_30)
FN:449,(anonymous_31)
FN:453,(anonymous_32)
FN:457,(anonymous_33)
FN:463,(anonymous_34)
FN:483,(anonymous_35)
FN:487,(anonymous_36)
FN:509,(anonymous_37)
FN:515,(anonymous_38)
FN:519,(anonymous_39)
FN:542,(anonymous_40)
FN:546,(anonymous_41)
FN:568,(anonymous_42)
FN:574,(anonymous_43)
FN:595,(anonymous_44)
FN:604,(anonymous_45)
FN:608,(anonymous_46)
FN:612,(anonymous_47)
FN:636,(anonymous_48)
FN:643,(anonymous_49)
FN:649,(anonymous_50)
FN:671,(anonymous_51)
FN:679,(anonymous_52)
FN:683,(anonymous_53)
FN:690,(anonymous_54)
FN:699,(anonymous_55)
FN:718,(anonymous_56)
FN:725,(anonymous_57)
FNF:57
FNH:52
FNDA:8,(anonymous_1)
FNDA:8,(anonymous_2)
FNDA:8,(anonymous_3)
FNDA:8,(anonymous_4)
FNDA:2,(anonymous_5)
FNDA:2,(anonymous_6)
FNDA:2,(anonymous_7)
FNDA:2,(anonymous_8)
FNDA:2,(anonymous_9)
FNDA:2,(anonymous_10)
FNDA:2,(anonymous_11)
FNDA:2,(anonymous_12)
FNDA:13,(anonymous_13)
FNDA:8,(anonymous_14)
FNDA:8,(anonymous_15)
FNDA:8,(anonymous_16)
FNDA:10,(anonymous_17)
FNDA:8,(anonymous_18)
FNDA:8,(anonymous_19)
FNDA:0,(anonymous_20)
FNDA:0,(anonymous_21)
FNDA:5,deleteFromPaths
FNDA:5,(anonymous_23)
FNDA:5,recursiveDelete
FNDA:3,(anonymous_25)
FNDA:2,(anonymous_26)
FNDA:2,(anonymous_27)
FNDA:2,(anonymous_28)
FNDA:2,(anonymous_29)
FNDA:2,(anonymous_30)
FNDA:3,(anonymous_31)
FNDA:3,(anonymous_32)
FNDA:3,(anonymous_33)
FNDA:0,(anonymous_34)
FNDA:2,(anonymous_35)
FNDA:2,(anonymous_36)
FNDA:8,(anonymous_37)
FNDA:8,(anonymous_38)
FNDA:8,(anonymous_39)
FNDA:2,(anonymous_40)
FNDA:2,(anonymous_41)
FNDA:2,(anonymous_42)
FNDA:2,(anonymous_43)
FNDA:7,(anonymous_44)
FNDA:5,(anonymous_45)
FNDA:5,(anonymous_46)
FNDA:0,(anonymous_47)
FNDA:3,(anonymous_48)
FNDA:3,(anonymous_49)
FNDA:3,(anonymous_50)
FNDA:2,(anonymous_51)
FNDA:2,(anonymous_52)
FNDA:2,(anonymous_53)
FNDA:2,(anonymous_54)
FNDA:0,(anonymous_55)
FNDA:1,(anonymous_56)
FNDA:7,(anonymous_57)
DA:17,1
DA:33,1
DA:60,1
DA:63,8
DA:65,8
DA:67,8
DA:69,8
DA:71,8
DA:74,8
DA:75,8
DA:77,8
DA:80,8
DA:81,8
DA:84,8
DA:87,8
DA:88,0
DA:90,8
DA:110,1
DA:114,2
DA:116,2
DA:119,2
DA:120,2
DA:136,1
DA:139,2
DA:141,2
DA:144,2
DA:145,2
DA:161,1
DA:164,2
DA:166,2
DA:169,2
DA:170,2
DA:186,1
DA:189,2
DA:191,2
DA:194,2
DA:195,2
DA:212,1
DA:215,13
DA:216,13
DA:217,13
DA:218,0
DA:220,13
DA:236,1
DA:240,8
DA:241,8
DA:242,8
DA:246,8
DA:249,8
DA:253,8
DA:254,0
DA:257,8
DA:258,8
DA:261,10
DA:262,8
DA:265,8
DA:271,8
DA:272,8
DA:275,8
DA:276,8
DA:285,0
DA:292,0
DA:293,0
DA:296,0
DA:297,0
DA:309,1
DA:311,5
DA:314,5
DA:315,5
DA:317,5
DA:327,1
DA:329,5
DA:331,5
DA:333,5
DA:335,15
DA:336,15
DA:337,15
DA:338,15
DA:340,15
DA:343,11
DA:344,3
DA:346,8
DA:348,5
DA:349,5
DA:351,4
DA:355,1
DA:356,1
DA:360,5
DA:361,5
DA:363,3
DA:366,5
DA:384,1
DA:387,2
DA:388,0
DA:391,2
DA:392,2
DA:393,2
DA:396,2
DA:397,2
DA:416,1
DA:420,2
DA:421,2
DA:426,2
DA:429,2
DA:430,2
DA:449,1
DA:450,3
DA:451,3
DA:452,3
DA:455,3
DA:457,3
DA:459,3
DA:460,3
DA:465,0
DA:482,1
DA:485,2
DA:486,2
DA:489,2
DA:490,2
DA:508,1
DA:511,8
DA:512,8
DA:517,8
DA:518,8
DA:521,8
DA:522,7
DA:541,1
DA:544,2
DA:545,2
DA:548,2
DA:549,1
DA:567,1
DA:570,2
DA:571,2
DA:572,2
DA:573,2
DA:576,2
DA:577,1
DA:594,1
DA:597,7
DA:602,7
DA:603,7
DA:606,5
DA:610,5
DA:614,0
DA:619,7
DA:635,1
DA:638,3
DA:639,3
DA:640,3
DA:641,3
DA:645,3
DA:648,3
DA:651,3
DA:652,3
DA:670,1
DA:673,2
DA:674,2
DA:675,2
DA:677,2
DA:682,2
DA:685,2
DA:688,2
DA:692,2
DA:701,0
DA:717,1
DA:720,1
DA:724,1
DA:727,7
DA:736,1
DA:740,1
LF:171
LH:159
BRDA:87,1,0,0
BRDA:87,1,1,8
BRDA:119,2,0,0
BRDA:119,2,1,2
BRDA:144,3,0,0
BRDA:144,3,1,2
BRDA:169,4,0,0
BRDA:169,4,1,2
BRDA:194,5,0,0
BRDA:194,5,1,2
BRDA:217,6,0,0
BRDA:217,6,1,13
BRDA:246,7,0,8
BRDA:246,7,1,0
BRDA:253,8,0,0
BRDA:253,8,1,8
BRDA:261,9,0,8
BRDA:261,9,1,2
BRDA:275,10,0,0
BRDA:275,10,1,8
BRDA:296,11,0,0
BRDA:296,11,1,0
BRDA:315,12,0,5
BRDA:315,12,1,0
BRDA:340,13,0,11
BRDA:340,13,1,4
BRDA:343,14,0,3
BRDA:343,14,1,8
BRDA:346,15,0,5
BRDA:346,15,1,3
BRDA:351,16,0,1
BRDA:351,16,1,3
BRDA:351,17,0,4
BRDA:351,17,1,4
BRDA:351,17,2,3
BRDA:387,18,0,0
BRDA:387,18,1,2
BRDA:396,19,0,0
BRDA:396,19,1,2
BRDA:429,20,0,0
BRDA:429,20,1,2
BRDA:459,21,0,0
BRDA:459,21,1,3
BRDA:489,22,0,0
BRDA:489,22,1,2
BRDA:521,23,0,1
BRDA:521,23,1,7
BRDA:548,24,0,1
BRDA:548,24,1,1
BRDA:576,25,0,1
BRDA:576,25,1,1
BRDA:651,26,0,0
BRDA:651,26,1,3
BRDA:685,27,0,0
BRDA:685,27,1,2
BRF:55
BRH:36
end_of_record
TN:
SF:/Users/gmanzoli/repos/pragmaSrc/Premi/app/models/UserModel.js
FN:13,(anonymous_1)
FN:18,(anonymous_2)
FN:53,(anonymous_3)
FN:72,(anonymous_4)
FN:84,(anonymous_5)
FNF:5
FNH:5
FNDA:20,(anonymous_1)
FNDA:20,(anonymous_2)
FNDA:15,(anonymous_3)
FNDA:17,(anonymous_4)
FNDA:1,(anonymous_5)
DA:9,1
DA:13,1
DA:15,20
DA:18,1
DA:20,20
DA:30,1
DA:53,1
DA:55,15
DA:57,15
DA:58,15
DA:60,15
DA:72,1
DA:74,17
DA:76,16
DA:80,1
DA:84,1
DA:86,1
DA:89,1
LF:18
LH:18
BRDA:15,1,0,20
BRDA:15,1,1,0
BRDA:20,2,0,20
BRDA:20,2,1,17
BRDA:55,3,0,15
BRDA:55,3,1,0
BRDA:55,4,0,15
BRDA:55,4,1,15
BRDA:74,5,0,16
BRDA:74,5,1,1
BRDA:74,6,0,17
BRDA:74,6,1,16
BRF:12
BRH:10
end_of_record
TN:
SF:/Users/gmanzoli/repos/pragmaSrc/Premi/app/models/NodeContentModel.js
FN:41,(anonymous_1)
FNF:1
FNH:1
FNDA:1,(anonymous_1)
DA:10,1
DA:20,1
DA:40,1
DA:43,1
DA:44,1
DA:47,1
LF:6
LH:6
BRF:0
BRH:0
end_of_record
TN:
SF:/Users/gmanzoli/repos/pragmaSrc/Premi/app/models/NodeModel.js
FN:36,(anonymous_1)
FN:64,(anonymous_2)
FN:79,(anonymous_3)
FNF:3
FNH:3
FNDA:22,(anonymous_1)
FNDA:1,(anonymous_2)
FNDA:3,(anonymous_3)
DA:11,1
DA:21,1
DA:35,1
DA:38,22
DA:39,22
DA:40,22
DA:51,22
DA:63,1
DA:66,1
DA:78,1
DA:81,3
DA:82,3
DA:86,3
DA:88,6
DA:92,3
DA:95,1
LF:16
LH:16
BRF:0
BRH:0
end_of_record
TN:
SF:/Users/gmanzoli/repos/pragmaSrc/Premi/app/models/PathModel.js
FN:40,(anonymous_1)
FN:55,(anonymous_2)
FN:67,(anonymous_3)
FN:85,(anonymous_4)
FNF:4
FNH:4
FNDA:19,(anonymous_1)
FNDA:3,(anonymous_2)
FNDA:20,(anonymous_3)
FNDA:4,(anonymous_4)
DA:11,1
DA:21,1
DA:39,1
DA:42,19
DA:43,19
DA:44,19
DA:45,19
DA:55,1
DA:56,3
DA:66,1
DA:69,20
DA:84,1
DA:87,4
DA:88,4
DA:90,3
DA:91,3
DA:92,1
DA:95,1
LF:18
LH:18
BRDA:88,1,0,3
BRDA:88,1,1,1
BRF:2
BRH:2
end_of_record
TN:
SF:/Users/gmanzoli/repos/pragmaSrc/Premi/app/models/RelationModel.js
FN:39,(anonymous_1)
FNF:1
FNH:1
FNDA:13,(anonymous_1)
DA:11,1
DA:21,1
DA:38,1
DA:41,13
DA:42,13
DA:43,13
DA:44,13
DA:45,13
DA:48,1
LF:9
LH:9
BRF:0
BRH:0
end_of_record
TN:
SF:/Users/gmanzoli/repos/pragmaSrc/Premi/app/controllers/projects/NodeController.js
FN:20,validateNode
FN:28,validateContents
FN:58,(anonymous_3)
FN:61,(anonymous_4)
FN:65,(anonymous_5)
FN:82,(anonymous_6)
FN:87,(anonymous_7)
FN:91,(anonymous_8)
FN:115,(anonymous_9)
FN:118,(anonymous_10)
FN:122,(anonymous_11)
FN:144,(anonymous_12)
FN:155,(anonymous_13)
FN:159,(anonymous_14)
FN:177,(anonymous_15)
FN:180,(anonymous_16)
FN:184,(anonymous_17)
FN:208,(anonymous_18)
FN:232,(anonymous_19)
FNF:19
FNH:19
FNDA:10,validateNode
FNDA:4,validateContents
FNDA:4,(anonymous_3)
FNDA:3,(anonymous_4)
FNDA:1,(anonymous_5)
FNDA:4,(anonymous_6)
FNDA:2,(anonymous_7)
FNDA:1,(anonymous_8)
FNDA:3,(anonymous_9)
FNDA:2,(anonymous_10)
FNDA:1,(anonymous_11)
FNDA:5,(anonymous_12)
FNDA:2,(anonymous_13)
FNDA:1,(anonymous_14)
FNDA:3,(anonymous_15)
FNDA:2,(anonymous_16)
FNDA:1,(anonymous_17)
FNDA:8,(anonymous_18)
FNDA:5,(anonymous_19)
DA:15,1
DA:20,1
DA:22,10
DA:23,2
DA:25,8
DA:28,1
DA:30,4
DA:36,4
DA:38,9
DA:41,1
DA:43,4
DA:57,1
DA:60,4
DA:63,3
DA:67,1
DA:81,1
DA:84,4
DA:86,3
DA:89,2
DA:93,1
DA:99,1
DA:114,1
DA:117,3
DA:120,2
DA:124,1
DA:143,1
DA:146,5
DA:147,5
DA:148,5
DA:149,5
DA:151,2
DA:154,3
DA:157,2
DA:161,1
DA:176,1
DA:179,3
DA:182,2
DA:186,1
DA:207,1
DA:210,8
DA:211,1
DA:214,7
DA:215,7
DA:231,1
DA:233,5
DA:234,5
DA:235,5
DA:236,3
DA:239,2
DA:240,2
LF:50
LH:50
BRDA:22,1,0,2
BRDA:22,1,1,8
BRDA:22,2,0,10
BRDA:22,2,1,8
BRDA:38,3,0,1
BRDA:38,3,1,8
BRDA:38,4,0,9
BRDA:38,4,1,7
BRDA:38,4,2,7
BRDA:38,4,3,7
BRDA:38,4,4,7
BRDA:38,4,5,7
BRDA:38,4,6,7
BRDA:38,4,7,7
BRDA:38,4,8,7
BRDA:38,4,9,7
BRDA:38,4,10,7
BRDA:38,4,11,7
BRDA:38,4,12,7
BRDA:38,4,13,7
BRDA:84,5,0,3
BRDA:84,5,1,1
BRDA:120,6,0,2
BRDA:120,6,1,0
BRDA:149,7,0,2
BRDA:149,7,1,3
BRDA:149,8,0,5
BRDA:149,8,1,4
BRDA:149,8,2,4
BRDA:210,9,0,1
BRDA:210,9,1,7
BRDA:210,10,0,8
BRDA:210,10,1,7
BRDA:235,11,0,3
BRDA:235,11,1,2
BRDA:235,12,0,5
BRDA:235,12,1,4
BRDA:235,12,2,4
BRF:38
BRH:37
end_of_record
TN:
SF:/Users/gmanzoli/repos/pragmaSrc/Premi/app/controllers/projects/PathController.js
FN:27,(anonymous_1)
FN:39,(anonymous_2)
FN:48,(anonymous_3)
FN:66,(anonymous_4)
FN:71,(anonymous_5)
FN:75,(anonymous_6)
FN:94,(anonymous_7)
FN:99,(anonymous_8)
FN:103,(anonymous_9)
FN:123,(anonymous_10)
FN:135,(anonymous_11)
FN:143,(anonymous_12)
FN:162,(anonymous_13)
FN:167,(anonymous_14)
FN:171,(anonymous_15)
FN:190,(anonymous_16)
FN:194,(anonymous_17)
FN:198,(anonymous_18)
FN:224,(anonymous_19)
FNF:19
FNH:15
FNDA:3,(anonymous_1)
FNDA:2,(anonymous_2)
FNDA:1,(anonymous_3)
FNDA:2,(anonymous_4)
FNDA:2,(anonymous_5)
FNDA:0,(anonymous_6)
FNDA:2,(anonymous_7)
FNDA:2,(anonymous_8)
FNDA:0,(anonymous_9)
FNDA:3,(anonymous_10)
FNDA:2,(anonymous_11)
FNDA:0,(anonymous_12)
FNDA:2,(anonymous_13)
FNDA:2,(anonymous_14)
FNDA:0,(anonymous_15)
FNDA:3,(anonymous_16)
FNDA:2,(anonymous_17)
FNDA:1,(anonymous_18)
FNDA:7,(anonymous_19)
DA:11,1
DA:26,1
DA:30,3
DA:32,0
DA:37,3
DA:41,2
DA:50,1
DA:65,1
DA:69,2
DA:73,2
DA:77,0
DA:93,1
DA:97,2
DA:101,2
DA:105,0
DA:122,1
DA:126,3
DA:128,1
DA:132,2
DA:137,2
DA:145,0
DA:161,1
DA:164,2
DA:169,2
DA:173,0
DA:189,1
DA:191,3
DA:196,2
DA:201,1
DA:223,1
DA:227,7
DA:228,1
DA:231,6
DA:232,6
LF:34
LH:29
BRDA:30,1,0,0
BRDA:30,1,1,3
BRDA:126,2,0,1
BRDA:126,2,1,2
BRDA:227,3,0,1
BRDA:227,3,1,6
BRDA:227,4,0,7
BRDA:227,4,1,6
BRF:8
BRH:7
end_of_record
TN:
SF:/Users/gmanzoli/repos/pragmaSrc/Premi/app/controllers/projects/ProjectManagementController.js
FN:16,nodeTitle
FN:20,(anonymous_2)
FN:32,buildFrame
FN:37,(anonymous_4)
FN:115,(anonymous_5)
FN:118,(anonymous_6)
FN:122,(anonymous_7)
FN:144,(anonymous_8)
FN:153,(anonymous_9)
FN:175,(anonymous_10)
FN:185,(anonymous_11)
FN:208,(anonymous_12)
FN:213,(anonymous_13)
FN:216,(anonymous_14)
FN:219,(anonymous_15)
FN:222,(anonymous_16)
FN:226,(anonymous_17)
FN:231,(anonymous_18)
FN:236,(anonymous_19)
FN:241,(anonymous_20)
FN:263,(anonymous_21)
FN:266,(anonymous_22)
FN:290,(anonymous_23)
FN:300,(anonymous_24)
FN:329,(anonymous_25)
FN:338,(anonymous_26)
FN:366,(anonymous_27)
FN:377,(anonymous_28)
FNF:28
FNH:20
FNDA:0,nodeTitle
FNDA:0,(anonymous_2)
FNDA:2,buildFrame
FNDA:0,(anonymous_4)
FNDA:7,(anonymous_5)
FNDA:6,(anonymous_6)
FNDA:0,(anonymous_7)
FNDA:1,(anonymous_8)
FNDA:1,(anonymous_9)
FNDA:3,(anonymous_10)
FNDA:3,(anonymous_11)
FNDA:6,(anonymous_12)
FNDA:2,(anonymous_13)
FNDA:2,(anonymous_14)
FNDA:2,(anonymous_15)
FNDA:2,(anonymous_16)
FNDA:0,(anonymous_17)
FNDA:0,(anonymous_18)
FNDA:0,(anonymous_19)
FNDA:0,(anonymous_20)
FNDA:3,(anonymous_21)
FNDA:3,(anonymous_22)
FNDA:2,(anonymous_23)
FNDA:2,(anonymous_24)
FNDA:2,(anonymous_25)
FNDA:2,(anonymous_26)
FNDA:19,(anonymous_27)
FNDA:18,(anonymous_28)
DA:11,1
DA:16,1
DA:18,0
DA:19,0
DA:22,0
DA:24,0
DA:25,0
DA:29,0
DA:32,1
DA:34,2
DA:35,2
DA:36,2
DA:39,0
DA:40,0
DA:41,0
DA:44,0
DA:46,0
DA:49,0
DA:51,0
DA:53,0
DA:59,0
DA:62,0
DA:64,0
DA:66,0
DA:73,0
DA:76,0
DA:78,0
DA:79,0
DA:80,0
DA:82,0
DA:83,0
DA:86,0
DA:89,0
DA:91,0
DA:97,0
DA:114,1
DA:116,7
DA:117,6
DA:120,6
DA:124,0
DA:129,1
DA:143,1
DA:146,1
DA:155,1
DA:157,0
DA:160,1
DA:174,1
DA:177,3
DA:187,3
DA:189,0
DA:192,3
DA:207,1
DA:210,6
DA:212,2
DA:215,2
DA:218,2
DA:221,2
DA:224,2
DA:228,0
DA:233,0
DA:238,0
DA:243,0
DA:249,4
DA:262,1
DA:265,3
DA:267,3
DA:269,1
DA:272,2
DA:289,1
DA:292,2
DA:293,2
DA:294,2
DA:299,2
DA:303,2
DA:310,2
DA:312,2
DA:315,2
DA:328,1
DA:331,2
DA:340,2
DA:341,0
DA:343,2
DA:365,1
DA:368,19
DA:369,1
DA:372,18
DA:378,18
DA:379,0
DA:380,18
DA:381,18
LF:90
LH:52
BRDA:22,1,0,0
BRDA:22,1,1,0
BRDA:44,2,0,0
BRDA:44,2,1,0
BRDA:46,3,0,0
BRDA:46,3,1,0
BRDA:59,4,0,0
BRDA:59,4,1,0
BRDA:73,5,0,0
BRDA:73,5,1,0
BRDA:76,6,0,0
BRDA:76,6,1,0
BRDA:80,7,0,0
BRDA:80,7,1,0
BRDA:86,8,0,0
BRDA:86,8,1,0
BRDA:116,9,0,6
BRDA:116,9,1,1
BRDA:155,10,0,0
BRDA:155,10,1,1
BRDA:160,11,0,1
BRDA:160,11,1,0
BRDA:187,12,0,0
BRDA:187,12,1,3
BRDA:192,13,0,3
BRDA:192,13,1,2
BRDA:210,14,0,2
BRDA:210,14,1,4
BRDA:210,15,0,6
BRDA:210,15,1,5
BRDA:210,15,2,4
BRDA:210,15,3,3
BRDA:267,16,0,1
BRDA:267,16,1,2
BRDA:340,17,0,0
BRDA:340,17,1,2
BRDA:343,18,0,2
BRDA:343,18,1,1
BRDA:368,19,0,1
BRDA:368,19,1,18
BRDA:378,20,0,0
BRDA:378,20,1,18
BRF:42
BRH:21
end_of_record
TN:
SF:/Users/gmanzoli/repos/pragmaSrc/Premi/app/controllers/users/AuthenticationController.js
FN:30,(anonymous_1)
FN:34,(anonymous_2)
FN:42,(anonymous_3)
FN:68,(anonymous_4)
FN:70,(anonymous_5)
FN:82,(anonymous_6)
FN:106,(anonymous_7)
FNF:7
FNH:7
FNDA:11,(anonymous_1)
FNDA:11,(anonymous_2)
FNDA:6,(anonymous_3)
FNDA:4,(anonymous_4)
FNDA:4,(anonymous_5)
FNDA:1,(anonymous_6)
FNDA:1,(anonymous_7)
DA:14,1
DA:30,1
DA:32,11
DA:34,11
DA:36,11
DA:37,4
DA:41,7
DA:44,6
DA:46,0
DA:47,0
DA:51,6
DA:68,1
DA:70,4
DA:72,4
DA:74,3
DA:75,3
DA:76,3
DA:77,3
DA:78,3
DA:82,1
DA:84,1
DA:86,0
DA:87,0
DA:91,1
DA:106,1
DA:108,1
DA:109,1
LF:27
LH:23
BRDA:36,1,0,4
BRDA:36,1,1,7
BRDA:44,2,0,0
BRDA:44,2,1,6
BRDA:72,3,0,3
BRDA:72,3,1,1
BRDA:72,4,0,4
BRDA:72,4,1,4
BRDA:74,5,0,3
BRDA:74,5,1,0
BRDA:84,6,0,0
BRDA:84,6,1,1
BRF:12
BRH:9
end_of_record
TN:
SF:/Users/gmanzoli/repos/pragmaSrc/Premi/app/controllers/users/AuthorizationController.js
FN:28,(anonymous_1)
FNF:1
FNH:1
FNDA:29,(anonymous_1)
DA:10,1
DA:28,1
DA:29,29
DA:30,29
DA:31,4
DA:32,4
DA:35,25
LF:7
LH:7
BRDA:30,1,0,4
BRDA:30,1,1,25
BRF:2
BRH:2
end_of_record
TN:
SF:/Users/gmanzoli/repos/pragmaSrc/Premi/app/routers/ProjectRouter.js
FN:21,(anonymous_1)
FNF:1
FNH:1
FNDA:3,(anonymous_1)
DA:21,1
DA:23,3
DA:24,3
DA:28,3
DA:29,3
DA:30,3
DA:31,3
DA:32,3
DA:33,3
DA:34,3
DA:37,3
DA:38,3
DA:39,3
DA:41,3
DA:42,3
DA:46,3
DA:47,3
DA:48,3
DA:49,3
DA:50,3
DA:51,3
DA:54,3
DA:55,3
DA:56,3
DA:57,3
LF:25
LH:25
BRF:0
BRH:0
end_of_record
TN:
SF:/Users/gmanzoli/repos/pragmaSrc/Premi/app/routers/StaticRouter.js
FN:18,(anonymous_1)
FNF:1
FNH:1
FNDA:3,(anonymous_1)
DA:18,1
DA:21,3
DA:24,3
LF:3
LH:3
BRF:0
BRH:0
end_of_record
TN:
SF:/Users/gmanzoli/repos/pragmaSrc/Premi/app/routers/UserRouter.js
FN:18,(anonymous_1)
FNF:1
FNH:1
FNDA:3,(anonymous_1)
DA:18,1
DA:20,3
DA:23,3
DA:24,3
DA:25,3
LF:5
LH:5
BRF:0
BRH:0
end_of_record
TN:
SF:/Users/gmanzoli/repos/pragmaSrc/Premi/server.js
FN:22,(anonymous_1)
FNF:1
FNH:1
FNDA:1,(anonymous_1)
DA:11,1
DA:22,1
DA:23,1
DA:24,0
DA:25,0
DA:30,1
DA:33,1
DA:36,1
DA:39,1
DA:42,1
LF:10
LH:8
BRDA:23,1,0,0
BRDA:23,1,1,1
BRF:2
BRH:1
end_of_record
TN:
SF:/Users/gmanzoli/repos/pragmaSrc/Premi/config/init.js
FN:12,(anonymous_1)
FN:19,(anonymous_2)
FNF:2
FNH:2
FNDA:2,(anonymous_1)
FNDA:2,(anonymous_2)
DA:6,1
DA:12,1
DA:17,2
DA:20,2
DA:21,1
DA:22,0
DA:24,1
DA:27,1
DA:29,1
LF:9
LH:8
BRDA:20,1,0,1
BRDA:20,1,1,1
BRDA:21,2,0,0
BRDA:21,2,1,1
BRF:4
BRH:3
end_of_record
TN:
SF:/Users/gmanzoli/repos/pragmaSrc/Premi/config/config.js
FN:24,(anonymous_1)
FN:36,(anonymous_2)
FN:45,(anonymous_3)
FN:47,(anonymous_4)
FN:63,(anonymous_5)
FN:77,(anonymous_6)
FNF:6
FNH:6
FNDA:44,(anonymous_1)
FNDA:34,(anonymous_2)
FNDA:40,(anonymous_3)
FNDA:90,(anonymous_4)
FNDA:2,(anonymous_5)
FNDA:2,(anonymous_6)
DA:10,1
DA:16,1
DA:24,1
DA:26,44
DA:29,44
DA:32,44
DA:35,44
DA:36,4
DA:37,34
DA:39,40
DA:40,40
DA:41,0
DA:43,40
DA:46,40
DA:47,34
DA:48,90
DA:52,40
DA:57,44
DA:63,1
DA:64,2
DA:67,2
DA:68,0
DA:71,2
DA:77,1
DA:78,2
DA:79,2
LF:26
LH:24
BRDA:18,1,0,1
BRDA:18,1,1,0
BRDA:35,2,0,4
BRDA:35,2,1,40
BRDA:39,3,0,40
BRDA:39,3,1,0
BRDA:40,4,0,0
BRDA:40,4,1,40
BRDA:46,5,0,34
BRDA:46,5,1,6
BRDA:67,6,0,0
BRDA:67,6,1,2
BRF:12
BRH:8
end_of_record
TN:
SF:/Users/gmanzoli/repos/pragmaSrc/Premi/config/env/all.js
FNF:0
FNH:0
DA:3,1
LF:1
LH:1
BRDA:9,1,0,1
BRDA:9,1,1,1
BRF:2
BRH:2
end_of_record
TN:
SF:/Users/gmanzoli/repos/pragmaSrc/Premi/config/env/test.js
FNF:0
FNH:0
DA:3,1
LF:1
LH:1
BRDA:10,1,0,1
BRDA:10,1,1,1
BRDA:11,2,0,1
BRDA:11,2,1,1
BRDA:15,3,0,1
BRDA:15,3,1,1
BRDA:16,4,0,1
BRDA:16,4,1,1
BRDA:20,5,0,1
BRDA:20,5,1,1
BRDA:21,6,0,1
BRDA:21,6,1,1
BRDA:25,7,0,1
BRDA:25,7,1,1
BRDA:26,8,0,1
BRDA:26,8,1,1
BRDA:30,9,0,1
BRDA:30,9,1,1
BRDA:31,10,0,1
BRDA:31,10,1,1
BRDA:35,11,0,1
BRDA:35,11,1,1
BRDA:37,12,0,1
BRDA:37,12,1,1
BRDA:39,13,0,1
BRDA:39,13,1,1
BRDA:40,14,0,1
BRDA:40,14,1,1
BRF:28
BRH:28
end_of_record
TN:
SF:/Users/gmanzoli/repos/pragmaSrc/Premi/config/express.js
FN:34,(anonymous_1)
FN:39,(anonymous_2)
FN:52,(anonymous_3)
FN:59,(anonymous_4)
FN:118,(anonymous_5)
FN:123,(anonymous_6)
FN:131,(anonymous_7)
FNF:7
FNH:7
FNDA:2,(anonymous_1)
FNDA:12,(anonymous_2)
FNDA:37,(anonymous_3)
FNDA:37,(anonymous_4)
FNDA:6,(anonymous_5)
FNDA:4,(anonymous_6)
FNDA:1,(anonymous_7)
DA:12,1
DA:34,1
DA:36,2
DA:39,2
DA:40,12
DA:44,2
DA:45,2
DA:46,2
DA:48,2
DA:49,2
DA:52,2
DA:53,37
DA:54,37
DA:58,2
DA:60,37
DA:66,2
DA:70,2
DA:72,1
DA:75,1
DA:79,2
DA:82,2
DA:83,2
DA:86,2
DA:89,2
DA:100,2
DA:101,2
DA:104,2
DA:107,2
DA:108,2
DA:109,2
DA:110,2
DA:111,2
DA:114,2
DA:115,2
DA:118,2
DA:119,6
DA:122,2
DA:125,4
DA:130,2
DA:133,1
DA:139,2
LF:41
LH:41
BRDA:70,1,0,1
BRDA:70,1,1,1
BRF:2
BRH:2
end_of_record
TN:
SF:/Users/gmanzoli/repos/pragmaSrc/Premi/app/controllers/ErrorHandler.js
FN:23,buildError
FN:76,(anonymous_2)
FNF:2
FNH:2
FNDA:5,buildError
FNDA:7,(anonymous_2)
DA:13,1
DA:23,1
DA:25,5
DA:26,5
DA:28,5
DA:30,5
DA:32,0
DA:33,0
DA:34,0
DA:38,5
DA:39,5
DA:40,4
DA:44,1
DA:50,0
DA:51,0
DA:52,0
DA:54,0
DA:56,0
DA:60,5
DA:75,1
DA:78,7
DA:80,1
DA:82,6
DA:84,1
DA:88,5
DA:89,5
DA:91,5
LF:27
LH:19
BRDA:26,1,0,5
BRDA:26,1,1,0
BRDA:26,2,0,5
BRDA:26,2,1,5
BRDA:30,3,0,0
BRDA:30,3,1,5
BRDA:39,4,0,4
BRDA:39,4,1,1
BRDA:54,5,0,0
BRDA:54,5,1,0
BRDA:78,6,0,1
BRDA:78,6,1,6
BRDA:82,7,0,1
BRDA:82,7,1,5
BRF:14
BRH:10
end_of_record
TN:
SF:/Users/gmanzoli/repos/pragmaSrc/Premi/app/controllers/NotFoundHandler.js
FN:20,(anonymous_1)
FNF:1
FNH:1
FNDA:2,(anonymous_1)
DA:19,1
DA:22,2
DA:23,2
LF:3
LH:3
BRF:0
BRH:0
end_of_record
TN:
SF:/Users/gmanzoli/repos/pragmaSrc/Premi/app/controllers/ProjectController.js
FNF:0
FNH:0
DA:13,1
DA:15,1
LF:2
LH:2
BRF:0
BRH:0
end_of_record
TN:
SF:/Users/gmanzoli/repos/pragmaSrc/Premi/app/controllers/UserController.js
FNF:0
FNH:0
DA:10,1
DA:12,1
LF:2
LH:2
BRF:0
BRH:0
end_of_record
TN:
SF:/Users/gmanzoli/repos/pragmaSrc/Premi/app/controllers/StaticController.js
FN:20,(anonymous_1)
FNF:1
FNH:1
FNDA:2,(anonymous_1)
DA:10,1
DA:20,1
DA:22,2
LF:3
LH:3
BRF:0
BRH:0
end_of_record
TN:
SF:/Users/gmanzoli/repos/pragmaSrc/Premi/config/passport.js
FN:14,(anonymous_1)
FN:16,(anonymous_2)
FN:21,(anonymous_3)
FN:24,(anonymous_4)
FN:31,(anonymous_5)
FNF:5
FNH:5
FNDA:2,(anonymous_1)
FNDA:7,(anonymous_2)
FNDA:24,(anonymous_3)
FNDA:24,(anonymous_4)
FNDA:2,(anonymous_5)
DA:6,1
DA:14,1
DA:16,2
DA:17,7
DA:21,2
DA:22,24
DA:25,24
DA:31,2
DA:32,2
LF:9
LH:9
BRF:0
BRH:0
end_of_record
TN:
SF:/Users/gmanzoli/repos/pragmaSrc/Premi/config/strategies/local.js
FN:11,(anonymous_1)
FN:17,(anonymous_2)
FN:20,(anonymous_3)
FNF:3
FNH:3
FNDA:2,(anonymous_1)
FNDA:4,(anonymous_2)
FNDA:4,(anonymous_3)
DA:5,1
DA:11,1
DA:13,2
DA:18,4
DA:21,4
DA:22,0
DA:24,4
DA:25,3
DA:29,1
DA:30,0
DA:35,1
LF:11
LH:9
BRDA:21,1,0,0
BRDA:21,1,1,4
BRDA:24,2,0,3
BRDA:24,2,1,1
BRDA:29,3,0,0
BRDA:29,3,1,1
BRF:6
BRH:4
end_of_record
